mode: set
github.com/scanoss/crypto-finder/internal/scan/duration.go:14.53,17.16 2 1
github.com/scanoss/crypto-finder/internal/scan/duration.go:17.16,19.3 1 1
github.com/scanoss/crypto-finder/internal/scan/duration.go:22.2,22.31 1 1
github.com/scanoss/crypto-finder/internal/scan/duration.go:22.31,26.32 4 1
github.com/scanoss/crypto-finder/internal/scan/duration.go:26.32,28.4 1 1
github.com/scanoss/crypto-finder/internal/scan/duration.go:29.3,29.50 1 1
github.com/scanoss/crypto-finder/internal/scan/duration.go:33.2,33.31 1 1
github.com/scanoss/crypto-finder/internal/scan/duration.go:33.31,37.32 4 1
github.com/scanoss/crypto-finder/internal/scan/duration.go:37.32,39.4 1 0
github.com/scanoss/crypto-finder/internal/scan/duration.go:40.3,40.52 1 1
github.com/scanoss/crypto-finder/internal/scan/duration.go:44.2,44.56 1 1
github.com/scanoss/crypto-finder/internal/scan/ecosystem.go:11.44,13.68 1 1
github.com/scanoss/crypto-finder/internal/scan/ecosystem.go:13.68,15.3 1 1
github.com/scanoss/crypto-finder/internal/scan/ecosystem.go:17.2,17.69 1 1
github.com/scanoss/crypto-finder/internal/scan/ecosystem.go:17.69,19.3 1 1
github.com/scanoss/crypto-finder/internal/scan/ecosystem.go:21.2,21.72 1 1
github.com/scanoss/crypto-finder/internal/scan/ecosystem.go:21.72,23.3 1 1
github.com/scanoss/crypto-finder/internal/scan/ecosystem.go:25.2,25.97 1 1
github.com/scanoss/crypto-finder/internal/scan/ecosystem.go:25.97,26.69 1 1
github.com/scanoss/crypto-finder/internal/scan/ecosystem.go:26.69,28.4 1 1
github.com/scanoss/crypto-finder/internal/scan/ecosystem.go:30.2,30.11 1 1
github.com/scanoss/crypto-finder/internal/scan/export.go:14.79,15.19 1 1
github.com/scanoss/crypto-finder/internal/scan/export.go:15.19,17.3 1 0
github.com/scanoss/crypto-finder/internal/scan/export.go:18.2,18.29 1 1
github.com/scanoss/crypto-finder/internal/scan/export.go:18.29,20.3 1 0
github.com/scanoss/crypto-finder/internal/scan/export.go:22.2,31.16 4 1
github.com/scanoss/crypto-finder/internal/scan/export.go:32.14,33.63 1 1
github.com/scanoss/crypto-finder/internal/scan/export.go:34.13,35.52 1 1
github.com/scanoss/crypto-finder/internal/scan/export.go:36.14,37.53 1 1
github.com/scanoss/crypto-finder/internal/scan/export.go:38.10,39.93 1 1
github.com/scanoss/crypto-finder/internal/scan/export.go:41.2,41.16 1 1
github.com/scanoss/crypto-finder/internal/scan/export.go:41.16,43.3 1 0
github.com/scanoss/crypto-finder/internal/scan/export.go:45.2,45.56 1 1
github.com/scanoss/crypto-finder/internal/scan/export.go:45.56,47.3 1 1
github.com/scanoss/crypto-finder/internal/scan/export.go:49.2,56.12 2 1
github.com/scanoss/crypto-finder/internal/scan/export.go:60.58,62.37 2 1
github.com/scanoss/crypto-finder/internal/scan/export.go:62.37,64.3 1 1
github.com/scanoss/crypto-finder/internal/scan/export.go:65.2,65.14 1 1
github.com/scanoss/crypto-finder/internal/scan/report.go:6.56,7.19 1 1
github.com/scanoss/crypto-finder/internal/scan/report.go:7.19,9.3 1 1
github.com/scanoss/crypto-finder/internal/scan/report.go:11.2,12.42 2 1
github.com/scanoss/crypto-finder/internal/scan/report.go:12.42,14.3 1 1
github.com/scanoss/crypto-finder/internal/scan/report.go:15.2,15.14 1 1
github.com/scanoss/crypto-finder/internal/scan/summary.go:11.75,19.43 4 1
github.com/scanoss/crypto-finder/internal/scan/summary.go:19.43,21.3 1 1
github.com/scanoss/crypto-finder/internal/scan/summary.go:23.2,26.96 3 1
github.com/scanoss/crypto-finder/internal/scan/summary.go:26.96,28.3 1 0
github.com/scanoss/crypto-finder/internal/scan/summary.go:30.2,30.12 1 1
github.com/scanoss/crypto-finder/internal/scan/validation.go:29.77,31.51 1 1
github.com/scanoss/crypto-finder/internal/scan/validation.go:31.51,33.3 1 1
github.com/scanoss/crypto-finder/internal/scan/validation.go:37.2,37.79 1 1
github.com/scanoss/crypto-finder/internal/scan/validation.go:37.79,39.3 1 1
github.com/scanoss/crypto-finder/internal/scan/validation.go:41.2,41.40 1 1
github.com/scanoss/crypto-finder/internal/scan/validation.go:41.40,42.64 1 1
github.com/scanoss/crypto-finder/internal/scan/validation.go:42.64,44.4 1 1
github.com/scanoss/crypto-finder/internal/scan/validation.go:48.2,48.58 1 1
github.com/scanoss/crypto-finder/internal/scan/validation.go:48.58,50.3 1 1
github.com/scanoss/crypto-finder/internal/scan/validation.go:53.2,53.61 1 1
github.com/scanoss/crypto-finder/internal/scan/validation.go:53.61,55.3 1 1
github.com/scanoss/crypto-finder/internal/scan/validation.go:58.2,58.58 1 1
github.com/scanoss/crypto-finder/internal/scan/validation.go:58.58,60.3 1 1
github.com/scanoss/crypto-finder/internal/scan/validation.go:63.2,63.58 1 1
github.com/scanoss/crypto-finder/internal/scan/validation.go:63.58,65.3 1 1
github.com/scanoss/crypto-finder/internal/scan/validation.go:68.2,69.38 2 1
github.com/scanoss/crypto-finder/internal/scan/validation.go:69.38,71.3 1 1
github.com/scanoss/crypto-finder/internal/scan/validation.go:73.2,73.33 1 1
github.com/scanoss/crypto-finder/internal/scanner/interface.go:149.30,150.34 1 1
github.com/scanoss/crypto-finder/internal/scanner/interface.go:150.34,152.3 1 1
github.com/scanoss/crypto-finder/internal/scanner/interface.go:154.2,155.9 2 0
github.com/scanoss/crypto-finder/internal/scanner/interface.go:155.9,157.3 1 0
github.com/scanoss/crypto-finder/internal/scanner/interface.go:158.2,159.9 2 0
github.com/scanoss/crypto-finder/internal/scanner/interface.go:159.9,161.3 1 0
github.com/scanoss/crypto-finder/internal/scanner/interface.go:163.2,163.63 1 0
github.com/scanoss/crypto-finder/internal/scanner/registry.go:37.30,41.2 1 1
github.com/scanoss/crypto-finder/internal/scanner/registry.go:50.59,54.2 3 1
github.com/scanoss/crypto-finder/internal/scanner/registry.go:65.54,70.13 4 1
github.com/scanoss/crypto-finder/internal/scanner/registry.go:70.13,72.3 1 1
github.com/scanoss/crypto-finder/internal/scanner/registry.go:74.2,74.21 1 1
github.com/scanoss/crypto-finder/internal/scanner/registry.go:83.41,87.2 3 1
github.com/scanoss/crypto-finder/internal/scanner/registry.go:91.41,93.31 2 1
github.com/scanoss/crypto-finder/internal/scanner/registry.go:93.31,95.3 1 1
github.com/scanoss/crypto-finder/internal/scanner/registry.go:96.2,97.14 2 1
github.com/scanoss/crypto-finder/internal/scanner/registry.go:101.42,106.2 4 1
github.com/scanoss/crypto-finder/internal/engine/dependency_scanner.go:52.22,59.2 1 0
github.com/scanoss/crypto-finder/internal/engine/dependency_scanner.go:89.27,95.16 4 1
github.com/scanoss/crypto-finder/internal/engine/dependency_scanner.go:95.16,97.3 1 1
github.com/scanoss/crypto-finder/internal/engine/dependency_scanner.go:98.2,102.37 2 1
github.com/scanoss/crypto-finder/internal/engine/dependency_scanner.go:102.37,109.3 2 1
github.com/scanoss/crypto-finder/internal/engine/dependency_scanner.go:112.2,113.16 2 1
github.com/scanoss/crypto-finder/internal/engine/dependency_scanner.go:113.16,115.3 1 1
github.com/scanoss/crypto-finder/internal/engine/dependency_scanner.go:116.2,123.29 3 0
github.com/scanoss/crypto-finder/internal/engine/dependency_scanner.go:123.29,125.17 2 0
github.com/scanoss/crypto-finder/internal/engine/dependency_scanner.go:125.17,128.4 2 0
github.com/scanoss/crypto-finder/internal/engine/dependency_scanner.go:132.2,137.36 4 0
github.com/scanoss/crypto-finder/internal/engine/dependency_scanner.go:137.36,138.26 1 0
github.com/scanoss/crypto-finder/internal/engine/dependency_scanner.go:138.26,140.38 2 0
github.com/scanoss/crypto-finder/internal/engine/dependency_scanner.go:140.38,142.5 1 0
github.com/scanoss/crypto-finder/internal/engine/dependency_scanner.go:146.2,157.16 4 0
github.com/scanoss/crypto-finder/internal/engine/dependency_scanner.go:157.16,159.3 1 0
github.com/scanoss/crypto-finder/internal/engine/dependency_scanner.go:162.2,165.38 3 0
github.com/scanoss/crypto-finder/internal/engine/dependency_scanner.go:165.38,168.3 2 0
github.com/scanoss/crypto-finder/internal/engine/dependency_scanner.go:171.2,183.8 4 0
github.com/scanoss/crypto-finder/internal/engine/dependency_scanner.go:189.84,191.16 2 1
github.com/scanoss/crypto-finder/internal/engine/dependency_scanner.go:191.16,193.3 1 1
github.com/scanoss/crypto-finder/internal/engine/dependency_scanner.go:195.2,196.25 2 1
github.com/scanoss/crypto-finder/internal/engine/dependency_scanner.go:196.25,198.3 1 0
github.com/scanoss/crypto-finder/internal/engine/dependency_scanner.go:200.2,200.57 1 1
github.com/scanoss/crypto-finder/internal/engine/dependency_scanner.go:210.75,212.18 2 1
github.com/scanoss/crypto-finder/internal/engine/dependency_scanner.go:212.18,214.3 1 0
github.com/scanoss/crypto-finder/internal/engine/dependency_scanner.go:217.2,223.22 4 1
github.com/scanoss/crypto-finder/internal/engine/dependency_scanner.go:223.22,225.16 2 1
github.com/scanoss/crypto-finder/internal/engine/dependency_scanner.go:225.16,226.12 1 1
github.com/scanoss/crypto-finder/internal/engine/dependency_scanner.go:228.3,229.56 2 1
github.com/scanoss/crypto-finder/internal/engine/dependency_scanner.go:232.2,239.36 5 1
github.com/scanoss/crypto-finder/internal/engine/dependency_scanner.go:239.36,241.13 2 1
github.com/scanoss/crypto-finder/internal/engine/dependency_scanner.go:241.13,243.29 2 1
github.com/scanoss/crypto-finder/internal/engine/dependency_scanner.go:243.29,246.5 2 1
github.com/scanoss/crypto-finder/internal/engine/dependency_scanner.go:251.2,251.25 1 1
github.com/scanoss/crypto-finder/internal/engine/dependency_scanner.go:251.25,253.3 1 1
github.com/scanoss/crypto-finder/internal/engine/dependency_scanner.go:254.2,257.12 2 1
github.com/scanoss/crypto-finder/internal/engine/dependency_scanner.go:257.12,260.3 2 1
github.com/scanoss/crypto-finder/internal/engine/dependency_scanner.go:263.2,265.31 3 1
github.com/scanoss/crypto-finder/internal/engine/dependency_scanner.go:265.31,266.24 1 1
github.com/scanoss/crypto-finder/internal/engine/dependency_scanner.go:266.24,268.12 2 1
github.com/scanoss/crypto-finder/internal/engine/dependency_scanner.go:270.3,271.34 2 1
github.com/scanoss/crypto-finder/internal/engine/dependency_scanner.go:274.2,274.27 1 1
github.com/scanoss/crypto-finder/internal/engine/dependency_scanner.go:287.17,291.48 2 1
github.com/scanoss/crypto-finder/internal/engine/dependency_scanner.go:291.48,292.79 1 1
github.com/scanoss/crypto-finder/internal/engine/dependency_scanner.go:292.79,298.4 2 1
github.com/scanoss/crypto-finder/internal/engine/dependency_scanner.go:298.9,298.24 1 1
github.com/scanoss/crypto-finder/internal/engine/dependency_scanner.go:298.24,300.4 1 0
github.com/scanoss/crypto-finder/internal/engine/dependency_scanner.go:303.2,313.62 5 1
github.com/scanoss/crypto-finder/internal/engine/dependency_scanner.go:313.62,314.75 1 1
github.com/scanoss/crypto-finder/internal/engine/dependency_scanner.go:314.75,316.4 1 0
github.com/scanoss/crypto-finder/internal/engine/dependency_scanner.go:319.2,324.3 1 1
github.com/scanoss/crypto-finder/internal/engine/dependency_scanner.go:328.131,338.2 6 1
github.com/scanoss/crypto-finder/internal/engine/dependency_scanner.go:348.26,350.40 2 1
github.com/scanoss/crypto-finder/internal/engine/dependency_scanner.go:350.40,352.3 1 1
github.com/scanoss/crypto-finder/internal/engine/dependency_scanner.go:353.2,355.40 2 1
github.com/scanoss/crypto-finder/internal/engine/dependency_scanner.go:355.40,357.52 1 1
github.com/scanoss/crypto-finder/internal/engine/dependency_scanner.go:357.52,362.4 1 1
github.com/scanoss/crypto-finder/internal/engine/dependency_scanner.go:363.8,369.3 1 0
github.com/scanoss/crypto-finder/internal/engine/dependency_scanner.go:371.2,371.38 1 1
github.com/scanoss/crypto-finder/internal/engine/dependency_scanner.go:371.38,372.27 1 1
github.com/scanoss/crypto-finder/internal/engine/dependency_scanner.go:372.27,373.12 1 1
github.com/scanoss/crypto-finder/internal/engine/dependency_scanner.go:375.3,379.5 2 1
github.com/scanoss/crypto-finder/internal/engine/dependency_scanner.go:382.2,382.17 1 1
github.com/scanoss/crypto-finder/internal/engine/dependency_scanner.go:387.100,389.40 2 1
github.com/scanoss/crypto-finder/internal/engine/dependency_scanner.go:389.40,390.52 1 1
github.com/scanoss/crypto-finder/internal/engine/dependency_scanner.go:390.52,392.4 1 1
github.com/scanoss/crypto-finder/internal/engine/dependency_scanner.go:393.8,395.3 1 1
github.com/scanoss/crypto-finder/internal/engine/dependency_scanner.go:396.2,396.21 1 1
github.com/scanoss/crypto-finder/internal/engine/dependency_scanner.go:407.3,410.33 2 1
github.com/scanoss/crypto-finder/internal/engine/dependency_scanner.go:410.33,413.46 2 1
github.com/scanoss/crypto-finder/internal/engine/dependency_scanner.go:413.46,426.36 5 1
github.com/scanoss/crypto-finder/internal/engine/dependency_scanner.go:426.36,428.5 1 1
github.com/scanoss/crypto-finder/internal/engine/dependency_scanner.go:429.4,430.27 2 1
github.com/scanoss/crypto-finder/internal/engine/dependency_scanner.go:430.27,434.24 3 1
github.com/scanoss/crypto-finder/internal/engine/dependency_scanner.go:434.24,436.35 2 1
github.com/scanoss/crypto-finder/internal/engine/dependency_scanner.go:436.35,438.7 1 1
github.com/scanoss/crypto-finder/internal/engine/dependency_scanner.go:444.3,444.50 1 1
github.com/scanoss/crypto-finder/internal/engine/dependency_scanner.go:456.3,457.37 1 1
github.com/scanoss/crypto-finder/internal/engine/dependency_scanner.go:457.37,459.46 2 1
github.com/scanoss/crypto-finder/internal/engine/dependency_scanner.go:459.46,463.36 3 1
github.com/scanoss/crypto-finder/internal/engine/dependency_scanner.go:463.36,465.5 1 1
github.com/scanoss/crypto-finder/internal/engine/dependency_scanner.go:467.4,468.27 2 1
github.com/scanoss/crypto-finder/internal/engine/dependency_scanner.go:468.27,469.13 1 0
github.com/scanoss/crypto-finder/internal/engine/dependency_scanner.go:472.4,473.23 2 1
github.com/scanoss/crypto-finder/internal/engine/dependency_scanner.go:473.23,475.34 2 1
github.com/scanoss/crypto-finder/internal/engine/dependency_scanner.go:475.34,477.6 1 1
github.com/scanoss/crypto-finder/internal/engine/dependency_scanner.go:491.27,499.46 2 1
github.com/scanoss/crypto-finder/internal/engine/dependency_scanner.go:499.46,500.46 1 1
github.com/scanoss/crypto-finder/internal/engine/dependency_scanner.go:500.46,501.51 1 1
github.com/scanoss/crypto-finder/internal/engine/dependency_scanner.go:501.51,503.5 1 1
github.com/scanoss/crypto-finder/internal/engine/dependency_scanner.go:505.3,505.53 1 1
github.com/scanoss/crypto-finder/internal/engine/dependency_scanner.go:509.2,509.36 1 1
github.com/scanoss/crypto-finder/internal/engine/dependency_scanner.go:509.36,510.43 1 1
github.com/scanoss/crypto-finder/internal/engine/dependency_scanner.go:510.43,512.47 2 1
github.com/scanoss/crypto-finder/internal/engine/dependency_scanner.go:512.47,514.56 2 1
github.com/scanoss/crypto-finder/internal/engine/dependency_scanner.go:514.56,516.6 1 1
github.com/scanoss/crypto-finder/internal/engine/dependency_scanner.go:518.4,518.32 1 1
github.com/scanoss/crypto-finder/internal/engine/dependency_scanner.go:518.32,522.5 3 1
github.com/scanoss/crypto-finder/internal/engine/dependency_scanner.go:526.2,526.15 1 1
github.com/scanoss/crypto-finder/internal/engine/dependency_scanner.go:533.140,535.72 2 1
github.com/scanoss/crypto-finder/internal/engine/dependency_scanner.go:535.72,537.3 1 1
github.com/scanoss/crypto-finder/internal/engine/dependency_scanner.go:539.2,541.32 2 1
github.com/scanoss/crypto-finder/internal/engine/dependency_scanner.go:541.32,544.31 3 1
github.com/scanoss/crypto-finder/internal/engine/dependency_scanner.go:544.31,545.12 1 0
github.com/scanoss/crypto-finder/internal/engine/dependency_scanner.go:549.3,549.100 1 1
github.com/scanoss/crypto-finder/internal/engine/dependency_scanner.go:549.100,551.12 2 1
github.com/scanoss/crypto-finder/internal/engine/dependency_scanner.go:555.3,555.17 1 1
github.com/scanoss/crypto-finder/internal/engine/dependency_scanner.go:555.17,557.67 2 1
github.com/scanoss/crypto-finder/internal/engine/dependency_scanner.go:557.67,559.5 1 1
github.com/scanoss/crypto-finder/internal/engine/dependency_scanner.go:561.4,561.97 1 1
github.com/scanoss/crypto-finder/internal/engine/dependency_scanner.go:561.97,563.13 2 1
github.com/scanoss/crypto-finder/internal/engine/dependency_scanner.go:568.2,568.15 1 1
github.com/scanoss/crypto-finder/internal/engine/dependency_scanner.go:572.54,573.19 1 1
github.com/scanoss/crypto-finder/internal/engine/dependency_scanner.go:574.12,575.24 1 1
github.com/scanoss/crypto-finder/internal/engine/dependency_scanner.go:576.16,577.28 1 0
github.com/scanoss/crypto-finder/internal/engine/dependency_scanner.go:578.14,579.26 1 0
github.com/scanoss/crypto-finder/internal/engine/dependency_scanner.go:580.14,581.26 1 0
github.com/scanoss/crypto-finder/internal/engine/dependency_scanner.go:582.11,583.23 1 0
github.com/scanoss/crypto-finder/internal/engine/dependency_scanner.go:584.10,585.13 1 1
github.com/scanoss/crypto-finder/internal/engine/dependency_scanner.go:589.55,590.36 1 1
github.com/scanoss/crypto-finder/internal/engine/dependency_scanner.go:590.36,591.37 1 1
github.com/scanoss/crypto-finder/internal/engine/dependency_scanner.go:591.37,593.4 1 1
github.com/scanoss/crypto-finder/internal/engine/dependency_scanner.go:595.2,595.14 1 1
github.com/scanoss/crypto-finder/internal/engine/findings_cache.go:39.57,41.16 2 0
github.com/scanoss/crypto-finder/internal/engine/findings_cache.go:41.16,43.3 1 0
github.com/scanoss/crypto-finder/internal/engine/findings_cache.go:45.2,46.48 2 0
github.com/scanoss/crypto-finder/internal/engine/findings_cache.go:46.48,48.3 1 0
github.com/scanoss/crypto-finder/internal/engine/findings_cache.go:50.2,50.42 1 0
github.com/scanoss/crypto-finder/internal/engine/findings_cache.go:55.74,56.48 1 1
github.com/scanoss/crypto-finder/internal/engine/findings_cache.go:56.48,58.3 1 0
github.com/scanoss/crypto-finder/internal/engine/findings_cache.go:59.2,59.42 1 1
github.com/scanoss/crypto-finder/internal/engine/findings_cache.go:64.103,68.16 3 1
github.com/scanoss/crypto-finder/internal/engine/findings_cache.go:68.16,69.37 1 1
github.com/scanoss/crypto-finder/internal/engine/findings_cache.go:69.37,71.4 1 1
github.com/scanoss/crypto-finder/internal/engine/findings_cache.go:72.3,72.70 1 0
github.com/scanoss/crypto-finder/internal/engine/findings_cache.go:75.2,76.42 2 1
github.com/scanoss/crypto-finder/internal/engine/findings_cache.go:76.42,78.94 1 1
github.com/scanoss/crypto-finder/internal/engine/findings_cache.go:78.94,80.4 1 0
github.com/scanoss/crypto-finder/internal/engine/findings_cache.go:81.3,81.25 1 1
github.com/scanoss/crypto-finder/internal/engine/findings_cache.go:84.2,84.27 1 1
github.com/scanoss/crypto-finder/internal/engine/findings_cache.go:88.102,90.16 2 1
github.com/scanoss/crypto-finder/internal/engine/findings_cache.go:90.16,92.3 1 0
github.com/scanoss/crypto-finder/internal/engine/findings_cache.go:94.2,98.55 3 1
github.com/scanoss/crypto-finder/internal/engine/findings_cache.go:98.55,100.3 1 0
github.com/scanoss/crypto-finder/internal/engine/findings_cache.go:102.2,102.45 1 1
github.com/scanoss/crypto-finder/internal/engine/findings_cache.go:102.45,103.93 1 0
github.com/scanoss/crypto-finder/internal/engine/findings_cache.go:103.93,106.4 2 0
github.com/scanoss/crypto-finder/internal/engine/findings_cache.go:107.3,107.60 1 0
github.com/scanoss/crypto-finder/internal/engine/findings_cache.go:110.2,110.12 1 1
github.com/scanoss/crypto-finder/internal/engine/findings_cache.go:115.44,118.2 2 1
github.com/scanoss/crypto-finder/internal/engine/findings_cache.go:123.59,129.27 5 1
github.com/scanoss/crypto-finder/internal/engine/findings_cache.go:129.27,131.17 2 1
github.com/scanoss/crypto-finder/internal/engine/findings_cache.go:131.17,133.4 1 0
github.com/scanoss/crypto-finder/internal/engine/findings_cache.go:134.3,134.19 1 1
github.com/scanoss/crypto-finder/internal/engine/findings_cache.go:137.2,137.49 1 1
github.com/scanoss/crypto-finder/internal/engine/orchestrator.go:48.17,55.2 1 1
github.com/scanoss/crypto-finder/internal/engine/orchestrator.go:87.101,92.32 3 1
github.com/scanoss/crypto-finder/internal/engine/orchestrator.go:92.32,96.3 2 1
github.com/scanoss/crypto-finder/internal/engine/orchestrator.go:96.8,99.17 2 1
github.com/scanoss/crypto-finder/internal/engine/orchestrator.go:99.17,101.4 1 1
github.com/scanoss/crypto-finder/internal/engine/orchestrator.go:105.2,106.29 2 1
github.com/scanoss/crypto-finder/internal/engine/orchestrator.go:106.29,109.3 2 1
github.com/scanoss/crypto-finder/internal/engine/orchestrator.go:109.8,111.17 2 1
github.com/scanoss/crypto-finder/internal/engine/orchestrator.go:111.17,113.4 1 1
github.com/scanoss/crypto-finder/internal/engine/orchestrator.go:114.3,118.25 2 1
github.com/scanoss/crypto-finder/internal/engine/orchestrator.go:118.25,120.4 1 1
github.com/scanoss/crypto-finder/internal/engine/orchestrator.go:124.2,125.16 2 1
github.com/scanoss/crypto-finder/internal/engine/orchestrator.go:125.16,127.3 1 1
github.com/scanoss/crypto-finder/internal/engine/orchestrator.go:130.2,130.71 1 1
github.com/scanoss/crypto-finder/internal/engine/orchestrator.go:130.71,132.3 1 1
github.com/scanoss/crypto-finder/internal/engine/orchestrator.go:136.2,141.16 3 1
github.com/scanoss/crypto-finder/internal/engine/orchestrator.go:141.16,143.3 1 1
github.com/scanoss/crypto-finder/internal/engine/orchestrator.go:146.2,147.16 2 1
github.com/scanoss/crypto-finder/internal/engine/orchestrator.go:147.16,149.3 1 0
github.com/scanoss/crypto-finder/internal/engine/orchestrator.go:151.2,151.28 1 1
github.com/scanoss/crypto-finder/internal/engine/processor.go:29.32,31.2 1 1
github.com/scanoss/crypto-finder/internal/engine/processor.go:38.106,39.19 1 1
github.com/scanoss/crypto-finder/internal/engine/processor.go:39.19,46.3 1 1
github.com/scanoss/crypto-finder/internal/engine/processor.go:49.2,49.26 1 1
github.com/scanoss/crypto-finder/internal/engine/processor.go:49.26,51.3 1 1
github.com/scanoss/crypto-finder/internal/engine/processor.go:53.2,53.28 1 1
github.com/scanoss/crypto-finder/internal/engine/processor.go:53.28,55.3 1 1
github.com/scanoss/crypto-finder/internal/engine/processor.go:57.2,60.20 3 1
github.com/scanoss/crypto-finder/internal/engine/rule_filter.go:20.42,22.16 2 1
github.com/scanoss/crypto-finder/internal/engine/rule_filter.go:22.16,25.3 2 1
github.com/scanoss/crypto-finder/internal/engine/rule_filter.go:27.2,28.50 2 1
github.com/scanoss/crypto-finder/internal/engine/rule_filter.go:28.50,31.3 2 1
github.com/scanoss/crypto-finder/internal/engine/rule_filter.go:33.2,35.29 3 1
github.com/scanoss/crypto-finder/internal/engine/rule_filter.go:35.29,36.33 1 1
github.com/scanoss/crypto-finder/internal/engine/rule_filter.go:36.33,38.20 2 1
github.com/scanoss/crypto-finder/internal/engine/rule_filter.go:38.20,41.5 2 1
github.com/scanoss/crypto-finder/internal/engine/rule_filter.go:44.2,44.14 1 1
github.com/scanoss/crypto-finder/internal/engine/rule_filter.go:50.68,51.25 1 1
github.com/scanoss/crypto-finder/internal/engine/rule_filter.go:51.25,53.3 1 1
github.com/scanoss/crypto-finder/internal/engine/rule_filter.go:56.2,57.33 2 1
github.com/scanoss/crypto-finder/internal/engine/rule_filter.go:57.33,59.3 1 1
github.com/scanoss/crypto-finder/internal/engine/rule_filter.go:61.2,62.36 2 1
github.com/scanoss/crypto-finder/internal/engine/rule_filter.go:62.36,64.26 2 1
github.com/scanoss/crypto-finder/internal/engine/rule_filter.go:64.26,67.12 2 1
github.com/scanoss/crypto-finder/internal/engine/rule_filter.go:69.3,69.32 1 1
github.com/scanoss/crypto-finder/internal/engine/rule_filter.go:69.32,70.18 1 1
github.com/scanoss/crypto-finder/internal/engine/rule_filter.go:70.18,72.10 2 1
github.com/scanoss/crypto-finder/internal/engine/rule_filter.go:77.2,77.24 1 1
github.com/scanoss/crypto-finder/internal/engine/rule_filter.go:77.24,82.3 2 1
github.com/scanoss/crypto-finder/internal/engine/rule_filter.go:84.2,90.17 2 1
github.com/scanoss/crypto-finder/internal/callgraph/builder.go:37.41,41.2 1 1
github.com/scanoss/crypto-finder/internal/callgraph/builder.go:44.45,46.2 1 1
github.com/scanoss/crypto-finder/internal/callgraph/builder.go:50.83,56.31 2 1
github.com/scanoss/crypto-finder/internal/callgraph/builder.go:56.31,57.54 1 1
github.com/scanoss/crypto-finder/internal/callgraph/builder.go:57.54,59.12 2 1
github.com/scanoss/crypto-finder/internal/callgraph/builder.go:64.2,71.19 3 1
github.com/scanoss/crypto-finder/internal/callgraph/builder.go:76.74,78.2 1 1
github.com/scanoss/crypto-finder/internal/callgraph/builder.go:80.78,82.16 2 1
github.com/scanoss/crypto-finder/internal/callgraph/builder.go:82.16,84.3 1 1
github.com/scanoss/crypto-finder/internal/callgraph/builder.go:86.2,86.36 1 1
github.com/scanoss/crypto-finder/internal/callgraph/builder.go:86.36,87.37 1 1
github.com/scanoss/crypto-finder/internal/callgraph/builder.go:87.37,91.4 3 1
github.com/scanoss/crypto-finder/internal/callgraph/builder.go:95.2,96.20 2 1
github.com/scanoss/crypto-finder/internal/callgraph/builder.go:96.20,98.3 1 0
github.com/scanoss/crypto-finder/internal/callgraph/builder.go:100.2,102.32 2 1
github.com/scanoss/crypto-finder/internal/callgraph/builder.go:102.32,103.21 1 1
github.com/scanoss/crypto-finder/internal/callgraph/builder.go:103.21,104.12 1 0
github.com/scanoss/crypto-finder/internal/callgraph/builder.go:106.3,107.53 2 1
github.com/scanoss/crypto-finder/internal/callgraph/builder.go:107.53,108.12 1 1
github.com/scanoss/crypto-finder/internal/callgraph/builder.go:110.3,112.68 3 1
github.com/scanoss/crypto-finder/internal/callgraph/builder.go:112.68,114.4 1 0
github.com/scanoss/crypto-finder/internal/callgraph/builder.go:117.2,117.12 1 1
github.com/scanoss/crypto-finder/internal/callgraph/builder.go:121.54,122.45 1 1
github.com/scanoss/crypto-finder/internal/callgraph/builder.go:122.45,123.33 1 1
github.com/scanoss/crypto-finder/internal/callgraph/builder.go:123.33,126.4 2 1
github.com/scanoss/crypto-finder/internal/callgraph/format.go:44.75,47.39 2 1
github.com/scanoss/crypto-finder/internal/callgraph/format.go:47.39,49.30 2 1
github.com/scanoss/crypto-finder/internal/callgraph/format.go:49.30,55.4 1 1
github.com/scanoss/crypto-finder/internal/callgraph/format.go:56.3,64.4 1 1
github.com/scanoss/crypto-finder/internal/callgraph/format.go:67.2,73.42 2 1
github.com/scanoss/crypto-finder/internal/callgraph/format.go:77.50,86.39 6 1
github.com/scanoss/crypto-finder/internal/callgraph/format.go:86.39,88.3 1 1
github.com/scanoss/crypto-finder/internal/callgraph/format.go:91.2,92.32 2 1
github.com/scanoss/crypto-finder/internal/callgraph/format.go:92.32,94.3 1 1
github.com/scanoss/crypto-finder/internal/callgraph/format.go:95.2,97.27 2 1
github.com/scanoss/crypto-finder/internal/callgraph/format.go:97.27,103.52 4 1
github.com/scanoss/crypto-finder/internal/callgraph/format.go:103.52,105.4 1 1
github.com/scanoss/crypto-finder/internal/callgraph/format.go:105.9,105.59 1 0
github.com/scanoss/crypto-finder/internal/callgraph/format.go:105.59,107.4 1 0
github.com/scanoss/crypto-finder/internal/callgraph/format.go:109.3,111.28 3 1
github.com/scanoss/crypto-finder/internal/callgraph/format.go:111.28,114.24 3 1
github.com/scanoss/crypto-finder/internal/callgraph/format.go:114.24,116.5 1 0
github.com/scanoss/crypto-finder/internal/callgraph/format.go:117.4,117.59 1 1
github.com/scanoss/crypto-finder/internal/callgraph/format.go:119.3,119.27 1 1
github.com/scanoss/crypto-finder/internal/callgraph/format.go:123.2,124.35 2 1
github.com/scanoss/crypto-finder/internal/callgraph/format.go:124.35,126.3 1 1
github.com/scanoss/crypto-finder/internal/callgraph/format.go:127.2,129.39 2 1
github.com/scanoss/crypto-finder/internal/callgraph/format.go:129.39,131.33 2 1
github.com/scanoss/crypto-finder/internal/callgraph/format.go:131.33,135.59 3 1
github.com/scanoss/crypto-finder/internal/callgraph/format.go:135.59,137.5 1 1
github.com/scanoss/crypto-finder/internal/callgraph/format.go:138.4,139.80 2 1
github.com/scanoss/crypto-finder/internal/callgraph/format.go:143.2,144.32 2 1
github.com/scanoss/crypto-finder/internal/callgraph/format.go:148.51,152.37 3 1
github.com/scanoss/crypto-finder/internal/callgraph/format.go:152.37,154.3 1 1
github.com/scanoss/crypto-finder/internal/callgraph/format.go:156.2,160.35 3 1
github.com/scanoss/crypto-finder/internal/callgraph/format.go:160.35,162.3 1 1
github.com/scanoss/crypto-finder/internal/callgraph/format.go:163.2,165.27 2 1
github.com/scanoss/crypto-finder/internal/callgraph/format.go:165.27,168.33 3 1
github.com/scanoss/crypto-finder/internal/callgraph/format.go:168.33,170.4 1 1
github.com/scanoss/crypto-finder/internal/callgraph/format.go:171.3,171.22 1 1
github.com/scanoss/crypto-finder/internal/callgraph/format.go:174.2,174.32 1 1
github.com/scanoss/crypto-finder/internal/callgraph/format.go:178.64,179.22 1 1
github.com/scanoss/crypto-finder/internal/callgraph/format.go:179.22,181.3 1 1
github.com/scanoss/crypto-finder/internal/callgraph/format.go:183.2,186.31 3 1
github.com/scanoss/crypto-finder/internal/callgraph/format.go:186.31,187.12 1 1
github.com/scanoss/crypto-finder/internal/callgraph/format.go:187.12,189.4 1 0
github.com/scanoss/crypto-finder/internal/callgraph/format.go:190.3,190.40 1 1
github.com/scanoss/crypto-finder/internal/callgraph/format.go:190.40,193.17 3 1
github.com/scanoss/crypto-finder/internal/callgraph/format.go:193.17,195.5 1 1
github.com/scanoss/crypto-finder/internal/callgraph/format.go:196.4,196.104 1 1
github.com/scanoss/crypto-finder/internal/callgraph/format.go:200.2,200.19 1 1
github.com/scanoss/crypto-finder/internal/callgraph/go_parser.go:28.30,32.2 3 1
github.com/scanoss/crypto-finder/internal/callgraph/go_parser.go:36.83,38.16 2 0
github.com/scanoss/crypto-finder/internal/callgraph/go_parser.go:38.16,40.3 1 0
github.com/scanoss/crypto-finder/internal/callgraph/go_parser.go:42.2,43.16 2 0
github.com/scanoss/crypto-finder/internal/callgraph/go_parser.go:43.16,45.3 1 0
github.com/scanoss/crypto-finder/internal/callgraph/go_parser.go:46.2,65.22 7 0
github.com/scanoss/crypto-finder/internal/callgraph/go_parser.go:69.85,71.16 2 0
github.com/scanoss/crypto-finder/internal/callgraph/go_parser.go:71.16,73.3 1 0
github.com/scanoss/crypto-finder/internal/callgraph/go_parser.go:75.2,76.32 2 0
github.com/scanoss/crypto-finder/internal/callgraph/go_parser.go:76.32,77.20 1 0
github.com/scanoss/crypto-finder/internal/callgraph/go_parser.go:77.20,78.12 1 0
github.com/scanoss/crypto-finder/internal/callgraph/go_parser.go:80.3,81.77 2 0
github.com/scanoss/crypto-finder/internal/callgraph/go_parser.go:81.77,82.12 1 0
github.com/scanoss/crypto-finder/internal/callgraph/go_parser.go:85.3,87.17 3 0
github.com/scanoss/crypto-finder/internal/callgraph/go_parser.go:87.17,89.12 1 0
github.com/scanoss/crypto-finder/internal/callgraph/go_parser.go:91.3,91.40 1 0
github.com/scanoss/crypto-finder/internal/callgraph/go_parser.go:94.2,94.22 1 0
github.com/scanoss/crypto-finder/internal/callgraph/go_parser.go:98.47,100.2 1 0
github.com/scanoss/crypto-finder/internal/callgraph/go_parser.go:103.70,105.2 1 0
github.com/scanoss/crypto-finder/internal/callgraph/go_parser.go:108.46,110.2 1 0
github.com/scanoss/crypto-finder/internal/callgraph/go_parser.go:112.77,113.46 1 0
github.com/scanoss/crypto-finder/internal/callgraph/go_parser.go:113.46,115.39 2 0
github.com/scanoss/crypto-finder/internal/callgraph/go_parser.go:115.39,116.49 1 0
github.com/scanoss/crypto-finder/internal/callgraph/go_parser.go:116.49,118.48 2 0
github.com/scanoss/crypto-finder/internal/callgraph/go_parser.go:118.48,120.6 1 0
github.com/scanoss/crypto-finder/internal/callgraph/go_parser.go:124.2,124.11 1 0
github.com/scanoss/crypto-finder/internal/callgraph/go_parser.go:127.90,128.46 1 0
github.com/scanoss/crypto-finder/internal/callgraph/go_parser.go:128.46,130.43 2 0
github.com/scanoss/crypto-finder/internal/callgraph/go_parser.go:130.43,131.12 1 0
github.com/scanoss/crypto-finder/internal/callgraph/go_parser.go:133.3,133.41 1 0
github.com/scanoss/crypto-finder/internal/callgraph/go_parser.go:137.90,138.46 1 0
github.com/scanoss/crypto-finder/internal/callgraph/go_parser.go:138.46,140.23 2 0
github.com/scanoss/crypto-finder/internal/callgraph/go_parser.go:141.22,142.45 1 0
github.com/scanoss/crypto-finder/internal/callgraph/go_parser.go:143.27,144.49 1 0
github.com/scanoss/crypto-finder/internal/callgraph/go_parser.go:144.49,146.37 2 0
github.com/scanoss/crypto-finder/internal/callgraph/go_parser.go:146.37,148.6 1 0
github.com/scanoss/crypto-finder/internal/callgraph/go_parser.go:154.93,157.46 2 0
github.com/scanoss/crypto-finder/internal/callgraph/go_parser.go:157.46,159.23 2 0
github.com/scanoss/crypto-finder/internal/callgraph/go_parser.go:160.29,161.30 1 0
github.com/scanoss/crypto-finder/internal/callgraph/go_parser.go:162.37,164.49 1 0
github.com/scanoss/crypto-finder/internal/callgraph/go_parser.go:168.2,168.16 1 0
github.com/scanoss/crypto-finder/internal/callgraph/go_parser.go:168.16,170.3 1 0
github.com/scanoss/crypto-finder/internal/callgraph/go_parser.go:173.2,173.17 1 0
github.com/scanoss/crypto-finder/internal/callgraph/go_parser.go:173.17,176.3 2 0
github.com/scanoss/crypto-finder/internal/callgraph/go_parser.go:178.2,178.32 1 0
github.com/scanoss/crypto-finder/internal/callgraph/go_parser.go:181.122,182.46 1 0
github.com/scanoss/crypto-finder/internal/callgraph/go_parser.go:182.46,184.23 2 0
github.com/scanoss/crypto-finder/internal/callgraph/go_parser.go:185.31,187.19 2 0
github.com/scanoss/crypto-finder/internal/callgraph/go_parser.go:187.19,189.5 1 0
github.com/scanoss/crypto-finder/internal/callgraph/go_parser.go:190.29,192.19 2 0
github.com/scanoss/crypto-finder/internal/callgraph/go_parser.go:192.19,194.5 1 0
github.com/scanoss/crypto-finder/internal/callgraph/go_parser.go:199.137,203.46 3 0
github.com/scanoss/crypto-finder/internal/callgraph/go_parser.go:203.46,205.23 2 0
github.com/scanoss/crypto-finder/internal/callgraph/go_parser.go:206.25,207.29 1 0
github.com/scanoss/crypto-finder/internal/callgraph/go_parser.go:208.20,209.16 1 0
github.com/scanoss/crypto-finder/internal/callgraph/go_parser.go:213.2,213.16 1 0
github.com/scanoss/crypto-finder/internal/callgraph/go_parser.go:213.16,215.3 1 0
github.com/scanoss/crypto-finder/internal/callgraph/go_parser.go:217.2,227.17 2 0
github.com/scanoss/crypto-finder/internal/callgraph/go_parser.go:227.17,229.3 1 0
github.com/scanoss/crypto-finder/internal/callgraph/go_parser.go:231.2,231.13 1 0
github.com/scanoss/crypto-finder/internal/callgraph/go_parser.go:234.135,238.46 3 0
github.com/scanoss/crypto-finder/internal/callgraph/go_parser.go:238.46,240.23 2 0
github.com/scanoss/crypto-finder/internal/callgraph/go_parser.go:241.30,242.29 1 0
github.com/scanoss/crypto-finder/internal/callgraph/go_parser.go:243.25,245.48 1 0
github.com/scanoss/crypto-finder/internal/callgraph/go_parser.go:246.20,247.16 1 0
github.com/scanoss/crypto-finder/internal/callgraph/go_parser.go:251.2,251.16 1 0
github.com/scanoss/crypto-finder/internal/callgraph/go_parser.go:251.16,253.3 1 0
github.com/scanoss/crypto-finder/internal/callgraph/go_parser.go:255.2,266.17 2 0
github.com/scanoss/crypto-finder/internal/callgraph/go_parser.go:266.17,268.3 1 0
github.com/scanoss/crypto-finder/internal/callgraph/go_parser.go:270.2,270.13 1 0
github.com/scanoss/crypto-finder/internal/callgraph/go_parser.go:273.83,274.51 1 0
github.com/scanoss/crypto-finder/internal/callgraph/go_parser.go:274.51,276.46 2 0
github.com/scanoss/crypto-finder/internal/callgraph/go_parser.go:276.46,278.49 1 0
github.com/scanoss/crypto-finder/internal/callgraph/go_parser.go:278.49,280.28 2 0
github.com/scanoss/crypto-finder/internal/callgraph/go_parser.go:281.47,282.34 1 0
github.com/scanoss/crypto-finder/internal/callgraph/go_parser.go:287.2,287.11 1 0
github.com/scanoss/crypto-finder/internal/callgraph/go_parser.go:291.120,295.2 3 0
github.com/scanoss/crypto-finder/internal/callgraph/go_parser.go:297.128,298.38 1 0
github.com/scanoss/crypto-finder/internal/callgraph/go_parser.go:298.38,299.74 1 0
github.com/scanoss/crypto-finder/internal/callgraph/go_parser.go:299.74,301.4 1 0
github.com/scanoss/crypto-finder/internal/callgraph/go_parser.go:304.2,304.46 1 0
github.com/scanoss/crypto-finder/internal/callgraph/go_parser.go:304.46,306.3 1 0
github.com/scanoss/crypto-finder/internal/callgraph/go_parser.go:309.120,310.28 1 0
github.com/scanoss/crypto-finder/internal/callgraph/go_parser.go:310.28,312.3 1 0
github.com/scanoss/crypto-finder/internal/callgraph/go_parser.go:314.2,317.25 3 0
github.com/scanoss/crypto-finder/internal/callgraph/go_parser.go:318.29,319.70 1 0
github.com/scanoss/crypto-finder/internal/callgraph/go_parser.go:320.24,331.4 2 0
github.com/scanoss/crypto-finder/internal/callgraph/go_parser.go:334.2,334.12 1 0
github.com/scanoss/crypto-finder/internal/callgraph/go_parser.go:337.134,340.46 2 0
github.com/scanoss/crypto-finder/internal/callgraph/go_parser.go:340.46,342.23 2 0
github.com/scanoss/crypto-finder/internal/callgraph/go_parser.go:343.25,344.32 1 0
github.com/scanoss/crypto-finder/internal/callgraph/go_parser.go:345.30,346.30 1 0
github.com/scanoss/crypto-finder/internal/callgraph/go_parser.go:350.2,350.34 1 0
github.com/scanoss/crypto-finder/internal/callgraph/go_parser.go:350.34,352.3 1 0
github.com/scanoss/crypto-finder/internal/callgraph/go_parser.go:354.2,357.53 2 0
github.com/scanoss/crypto-finder/internal/callgraph/go_parser.go:357.53,367.3 1 0
github.com/scanoss/crypto-finder/internal/callgraph/go_parser.go:371.2,380.3 1 0
github.com/scanoss/crypto-finder/internal/callgraph/java_parser.go:28.34,32.2 3 1
github.com/scanoss/crypto-finder/internal/callgraph/java_parser.go:35.49,37.2 1 0
github.com/scanoss/crypto-finder/internal/callgraph/java_parser.go:40.72,41.22 1 0
github.com/scanoss/crypto-finder/internal/callgraph/java_parser.go:41.22,43.3 1 0
github.com/scanoss/crypto-finder/internal/callgraph/java_parser.go:44.2,44.35 1 0
github.com/scanoss/crypto-finder/internal/callgraph/java_parser.go:48.48,50.2 1 0
github.com/scanoss/crypto-finder/internal/callgraph/java_parser.go:53.87,55.16 2 0
github.com/scanoss/crypto-finder/internal/callgraph/java_parser.go:55.16,57.3 1 0
github.com/scanoss/crypto-finder/internal/callgraph/java_parser.go:59.2,60.32 2 0
github.com/scanoss/crypto-finder/internal/callgraph/java_parser.go:60.32,61.20 1 0
github.com/scanoss/crypto-finder/internal/callgraph/java_parser.go:61.20,62.12 1 0
github.com/scanoss/crypto-finder/internal/callgraph/java_parser.go:64.3,65.40 2 0
github.com/scanoss/crypto-finder/internal/callgraph/java_parser.go:65.40,66.12 1 0
github.com/scanoss/crypto-finder/internal/callgraph/java_parser.go:69.3,69.84 1 0
github.com/scanoss/crypto-finder/internal/callgraph/java_parser.go:69.84,70.12 1 0
github.com/scanoss/crypto-finder/internal/callgraph/java_parser.go:73.3,75.17 3 0
github.com/scanoss/crypto-finder/internal/callgraph/java_parser.go:75.17,76.12 1 0
github.com/scanoss/crypto-finder/internal/callgraph/java_parser.go:78.3,78.40 1 0
github.com/scanoss/crypto-finder/internal/callgraph/java_parser.go:81.2,81.22 1 0
github.com/scanoss/crypto-finder/internal/callgraph/java_parser.go:85.85,87.16 2 0
github.com/scanoss/crypto-finder/internal/callgraph/java_parser.go:87.16,89.3 1 0
github.com/scanoss/crypto-finder/internal/callgraph/java_parser.go:91.2,92.16 2 0
github.com/scanoss/crypto-finder/internal/callgraph/java_parser.go:92.16,94.3 1 0
github.com/scanoss/crypto-finder/internal/callgraph/java_parser.go:95.2,108.32 5 0
github.com/scanoss/crypto-finder/internal/callgraph/java_parser.go:108.32,110.3 1 0
github.com/scanoss/crypto-finder/internal/callgraph/java_parser.go:113.2,118.22 3 0
github.com/scanoss/crypto-finder/internal/callgraph/java_parser.go:122.79,123.46 1 0
github.com/scanoss/crypto-finder/internal/callgraph/java_parser.go:123.46,125.44 2 0
github.com/scanoss/crypto-finder/internal/callgraph/java_parser.go:125.44,127.49 1 0
github.com/scanoss/crypto-finder/internal/callgraph/java_parser.go:127.49,129.93 2 0
github.com/scanoss/crypto-finder/internal/callgraph/java_parser.go:129.93,131.6 1 0
github.com/scanoss/crypto-finder/internal/callgraph/java_parser.go:135.2,135.11 1 0
github.com/scanoss/crypto-finder/internal/callgraph/java_parser.go:139.92,140.46 1 0
github.com/scanoss/crypto-finder/internal/callgraph/java_parser.go:140.46,142.43 2 0
github.com/scanoss/crypto-finder/internal/callgraph/java_parser.go:142.43,143.12 1 0
github.com/scanoss/crypto-finder/internal/callgraph/java_parser.go:146.3,153.42 6 0
github.com/scanoss/crypto-finder/internal/callgraph/java_parser.go:153.42,157.4 2 0
github.com/scanoss/crypto-finder/internal/callgraph/java_parser.go:157.9,160.19 2 0
github.com/scanoss/crypto-finder/internal/callgraph/java_parser.go:160.19,164.5 3 0
github.com/scanoss/crypto-finder/internal/callgraph/java_parser.go:170.109,171.46 1 0
github.com/scanoss/crypto-finder/internal/callgraph/java_parser.go:171.46,173.42 2 0
github.com/scanoss/crypto-finder/internal/callgraph/java_parser.go:173.42,175.4 1 0
github.com/scanoss/crypto-finder/internal/callgraph/java_parser.go:180.126,184.46 3 0
github.com/scanoss/crypto-finder/internal/callgraph/java_parser.go:184.46,186.23 2 0
github.com/scanoss/crypto-finder/internal/callgraph/java_parser.go:187.27,188.34 1 0
github.com/scanoss/crypto-finder/internal/callgraph/java_parser.go:189.21,190.16 1 0
github.com/scanoss/crypto-finder/internal/callgraph/java_parser.go:194.2,194.36 1 0
github.com/scanoss/crypto-finder/internal/callgraph/java_parser.go:194.36,196.3 1 0
github.com/scanoss/crypto-finder/internal/callgraph/java_parser.go:199.2,200.22 2 0
github.com/scanoss/crypto-finder/internal/callgraph/java_parser.go:200.22,202.3 1 0
github.com/scanoss/crypto-finder/internal/callgraph/java_parser.go:205.2,206.46 2 0
github.com/scanoss/crypto-finder/internal/callgraph/java_parser.go:206.46,208.42 2 0
github.com/scanoss/crypto-finder/internal/callgraph/java_parser.go:208.42,210.4 1 0
github.com/scanoss/crypto-finder/internal/callgraph/java_parser.go:214.2,214.46 1 0
github.com/scanoss/crypto-finder/internal/callgraph/java_parser.go:214.46,216.23 2 0
github.com/scanoss/crypto-finder/internal/callgraph/java_parser.go:217.29,219.19 2 0
github.com/scanoss/crypto-finder/internal/callgraph/java_parser.go:219.19,221.5 1 0
github.com/scanoss/crypto-finder/internal/callgraph/java_parser.go:222.34,224.19 2 0
github.com/scanoss/crypto-finder/internal/callgraph/java_parser.go:224.19,226.5 1 0
github.com/scanoss/crypto-finder/internal/callgraph/java_parser.go:227.28,228.65 1 0
github.com/scanoss/crypto-finder/internal/callgraph/java_parser.go:234.172,238.46 3 0
github.com/scanoss/crypto-finder/internal/callgraph/java_parser.go:238.46,240.23 2 0
github.com/scanoss/crypto-finder/internal/callgraph/java_parser.go:241.27,242.29 1 0
github.com/scanoss/crypto-finder/internal/callgraph/java_parser.go:243.20,244.16 1 0
github.com/scanoss/crypto-finder/internal/callgraph/java_parser.go:248.2,248.16 1 0
github.com/scanoss/crypto-finder/internal/callgraph/java_parser.go:248.16,250.3 1 0
github.com/scanoss/crypto-finder/internal/callgraph/java_parser.go:252.2,263.17 2 0
github.com/scanoss/crypto-finder/internal/callgraph/java_parser.go:263.17,265.3 1 0
github.com/scanoss/crypto-finder/internal/callgraph/java_parser.go:267.2,267.13 1 0
github.com/scanoss/crypto-finder/internal/callgraph/java_parser.go:271.177,274.46 2 0
github.com/scanoss/crypto-finder/internal/callgraph/java_parser.go:274.46,276.72 2 0
github.com/scanoss/crypto-finder/internal/callgraph/java_parser.go:276.72,278.4 1 0
github.com/scanoss/crypto-finder/internal/callgraph/java_parser.go:281.2,292.17 2 0
github.com/scanoss/crypto-finder/internal/callgraph/java_parser.go:292.17,294.3 1 0
github.com/scanoss/crypto-finder/internal/callgraph/java_parser.go:296.2,296.13 1 0
github.com/scanoss/crypto-finder/internal/callgraph/java_parser.go:301.166,304.31 2 0
github.com/scanoss/crypto-finder/internal/callgraph/java_parser.go:304.31,306.3 1 0
github.com/scanoss/crypto-finder/internal/callgraph/java_parser.go:307.2,311.14 4 0
github.com/scanoss/crypto-finder/internal/callgraph/java_parser.go:318.97,319.87 1 0
github.com/scanoss/crypto-finder/internal/callgraph/java_parser.go:319.87,321.21 2 0
github.com/scanoss/crypto-finder/internal/callgraph/java_parser.go:321.21,323.48 1 0
github.com/scanoss/crypto-finder/internal/callgraph/java_parser.go:323.48,325.46 2 0
github.com/scanoss/crypto-finder/internal/callgraph/java_parser.go:325.46,326.51 1 0
github.com/scanoss/crypto-finder/internal/callgraph/java_parser.go:326.51,328.48 2 0
github.com/scanoss/crypto-finder/internal/callgraph/java_parser.go:328.48,330.13 2 0
github.com/scanoss/crypto-finder/internal/callgraph/java_parser.go:338.2,338.46 1 0
github.com/scanoss/crypto-finder/internal/callgraph/java_parser.go:338.46,340.3 1 0
github.com/scanoss/crypto-finder/internal/callgraph/java_parser.go:344.80,345.46 1 0
github.com/scanoss/crypto-finder/internal/callgraph/java_parser.go:345.46,347.23 2 0
github.com/scanoss/crypto-finder/internal/callgraph/java_parser.go:348.29,349.29 1 0
github.com/scanoss/crypto-finder/internal/callgraph/java_parser.go:350.28,352.49 1 0
github.com/scanoss/crypto-finder/internal/callgraph/java_parser.go:352.49,354.42 2 0
github.com/scanoss/crypto-finder/internal/callgraph/java_parser.go:354.42,356.6 1 0
github.com/scanoss/crypto-finder/internal/callgraph/java_parser.go:358.37,361.56 2 0
github.com/scanoss/crypto-finder/internal/callgraph/java_parser.go:361.56,363.5 1 0
github.com/scanoss/crypto-finder/internal/callgraph/java_parser.go:364.4,364.18 1 0
github.com/scanoss/crypto-finder/internal/callgraph/java_parser.go:367.2,367.11 1 0
github.com/scanoss/crypto-finder/internal/callgraph/java_parser.go:370.158,371.21 1 0
github.com/scanoss/crypto-finder/internal/callgraph/java_parser.go:372.27,373.92 1 0
github.com/scanoss/crypto-finder/internal/callgraph/java_parser.go:373.92,375.4 1 0
github.com/scanoss/crypto-finder/internal/callgraph/java_parser.go:376.36,377.80 1 0
github.com/scanoss/crypto-finder/internal/callgraph/java_parser.go:377.80,379.4 1 0
github.com/scanoss/crypto-finder/internal/callgraph/java_parser.go:382.2,382.46 1 0
github.com/scanoss/crypto-finder/internal/callgraph/java_parser.go:382.46,384.3 1 0
github.com/scanoss/crypto-finder/internal/callgraph/java_parser.go:391.158,400.46 5 0
github.com/scanoss/crypto-finder/internal/callgraph/java_parser.go:400.46,402.23 2 0
github.com/scanoss/crypto-finder/internal/callgraph/java_parser.go:403.27,404.20 1 0
github.com/scanoss/crypto-finder/internal/callgraph/java_parser.go:404.20,406.5 1 0
github.com/scanoss/crypto-finder/internal/callgraph/java_parser.go:406.10,410.5 2 0
github.com/scanoss/crypto-finder/internal/callgraph/java_parser.go:411.23,412.31 1 0
github.com/scanoss/crypto-finder/internal/callgraph/java_parser.go:413.28,415.31 1 0
github.com/scanoss/crypto-finder/internal/callgraph/java_parser.go:419.2,419.18 1 0
github.com/scanoss/crypto-finder/internal/callgraph/java_parser.go:419.18,421.3 1 0
github.com/scanoss/crypto-finder/internal/callgraph/java_parser.go:423.2,424.18 2 0
github.com/scanoss/crypto-finder/internal/callgraph/java_parser.go:424.18,426.3 1 0
github.com/scanoss/crypto-finder/internal/callgraph/java_parser.go:428.2,435.3 2 0
github.com/scanoss/crypto-finder/internal/callgraph/java_parser.go:439.128,443.46 3 0
github.com/scanoss/crypto-finder/internal/callgraph/java_parser.go:443.46,445.23 2 0
github.com/scanoss/crypto-finder/internal/callgraph/java_parser.go:446.29,447.33 1 0
github.com/scanoss/crypto-finder/internal/callgraph/java_parser.go:448.37,449.33 1 0
github.com/scanoss/crypto-finder/internal/callgraph/java_parser.go:450.28,452.49 1 0
github.com/scanoss/crypto-finder/internal/callgraph/java_parser.go:452.49,454.42 2 0
github.com/scanoss/crypto-finder/internal/callgraph/java_parser.go:454.42,456.11 2 0
github.com/scanoss/crypto-finder/internal/callgraph/java_parser.go:462.2,462.20 1 0
github.com/scanoss/crypto-finder/internal/callgraph/java_parser.go:462.20,464.3 1 0
github.com/scanoss/crypto-finder/internal/callgraph/java_parser.go:466.2,473.3 2 0
github.com/scanoss/crypto-finder/internal/callgraph/java_parser.go:477.122,478.18 1 0
github.com/scanoss/crypto-finder/internal/callgraph/java_parser.go:478.18,484.3 1 0
github.com/scanoss/crypto-finder/internal/callgraph/java_parser.go:487.2,488.53 2 0
github.com/scanoss/crypto-finder/internal/callgraph/java_parser.go:488.53,490.3 1 0
github.com/scanoss/crypto-finder/internal/callgraph/java_parser.go:493.2,493.50 1 0
github.com/scanoss/crypto-finder/internal/callgraph/java_parser.go:493.50,499.3 1 0
github.com/scanoss/crypto-finder/internal/callgraph/java_parser.go:502.2,502.45 1 0
github.com/scanoss/crypto-finder/internal/callgraph/java_parser.go:502.45,508.3 1 0
github.com/scanoss/crypto-finder/internal/callgraph/java_parser.go:511.2,511.42 1 0
github.com/scanoss/crypto-finder/internal/callgraph/java_parser.go:511.42,512.48 1 0
github.com/scanoss/crypto-finder/internal/callgraph/java_parser.go:512.48,518.4 1 0
github.com/scanoss/crypto-finder/internal/callgraph/java_parser.go:520.3,524.4 1 0
github.com/scanoss/crypto-finder/internal/callgraph/java_parser.go:528.2,528.50 1 0
github.com/scanoss/crypto-finder/internal/callgraph/java_parser.go:528.50,537.3 1 0
github.com/scanoss/crypto-finder/internal/callgraph/java_parser.go:540.2,544.3 1 0
github.com/scanoss/crypto-finder/internal/callgraph/parser_registry.go:5.53,6.19 1 1
github.com/scanoss/crypto-finder/internal/callgraph/parser_registry.go:7.12,8.23 1 1
github.com/scanoss/crypto-finder/internal/callgraph/parser_registry.go:9.14,10.25 1 1
github.com/scanoss/crypto-finder/internal/callgraph/parser_registry.go:11.16,12.27 1 1
github.com/scanoss/crypto-finder/internal/callgraph/parser_registry.go:13.14,14.25 1 1
github.com/scanoss/crypto-finder/internal/callgraph/parser_registry.go:15.10,16.13 1 1
github.com/scanoss/crypto-finder/internal/callgraph/python_parser.go:27.38,31.2 3 1
github.com/scanoss/crypto-finder/internal/callgraph/python_parser.go:34.51,43.2 1 1
github.com/scanoss/crypto-finder/internal/callgraph/python_parser.go:46.74,47.22 1 1
github.com/scanoss/crypto-finder/internal/callgraph/python_parser.go:47.22,49.3 1 1
github.com/scanoss/crypto-finder/internal/callgraph/python_parser.go:50.2,50.35 1 1
github.com/scanoss/crypto-finder/internal/callgraph/python_parser.go:54.50,56.2 1 1
github.com/scanoss/crypto-finder/internal/callgraph/python_parser.go:59.89,61.16 2 1
github.com/scanoss/crypto-finder/internal/callgraph/python_parser.go:61.16,63.3 1 0
github.com/scanoss/crypto-finder/internal/callgraph/python_parser.go:65.2,66.32 2 1
github.com/scanoss/crypto-finder/internal/callgraph/python_parser.go:66.32,67.20 1 1
github.com/scanoss/crypto-finder/internal/callgraph/python_parser.go:67.20,68.12 1 0
github.com/scanoss/crypto-finder/internal/callgraph/python_parser.go:70.3,71.38 2 1
github.com/scanoss/crypto-finder/internal/callgraph/python_parser.go:71.38,72.12 1 0
github.com/scanoss/crypto-finder/internal/callgraph/python_parser.go:75.3,75.78 1 1
github.com/scanoss/crypto-finder/internal/callgraph/python_parser.go:75.78,76.12 1 1
github.com/scanoss/crypto-finder/internal/callgraph/python_parser.go:79.3,81.17 3 1
github.com/scanoss/crypto-finder/internal/callgraph/python_parser.go:81.17,82.12 1 0
github.com/scanoss/crypto-finder/internal/callgraph/python_parser.go:84.3,84.40 1 1
github.com/scanoss/crypto-finder/internal/callgraph/python_parser.go:87.2,87.22 1 1
github.com/scanoss/crypto-finder/internal/callgraph/python_parser.go:91.87,93.16 2 1
github.com/scanoss/crypto-finder/internal/callgraph/python_parser.go:93.16,95.3 1 0
github.com/scanoss/crypto-finder/internal/callgraph/python_parser.go:97.2,98.16 2 1
github.com/scanoss/crypto-finder/internal/callgraph/python_parser.go:98.16,100.3 1 0
github.com/scanoss/crypto-finder/internal/callgraph/python_parser.go:101.2,117.22 6 1
github.com/scanoss/crypto-finder/internal/callgraph/python_parser.go:121.94,122.46 1 1
github.com/scanoss/crypto-finder/internal/callgraph/python_parser.go:122.46,124.23 2 1
github.com/scanoss/crypto-finder/internal/callgraph/python_parser.go:125.27,127.50 1 1
github.com/scanoss/crypto-finder/internal/callgraph/python_parser.go:128.32,130.54 1 1
github.com/scanoss/crypto-finder/internal/callgraph/python_parser.go:136.102,137.46 1 1
github.com/scanoss/crypto-finder/internal/callgraph/python_parser.go:137.46,139.23 2 1
github.com/scanoss/crypto-finder/internal/callgraph/python_parser.go:140.29,145.37 3 1
github.com/scanoss/crypto-finder/internal/callgraph/python_parser.go:146.25,149.49 2 0
github.com/scanoss/crypto-finder/internal/callgraph/python_parser.go:149.49,151.30 2 0
github.com/scanoss/crypto-finder/internal/callgraph/python_parser.go:152.31,153.38 1 0
github.com/scanoss/crypto-finder/internal/callgraph/python_parser.go:154.27,155.37 1 0
github.com/scanoss/crypto-finder/internal/callgraph/python_parser.go:158.4,158.35 1 0
github.com/scanoss/crypto-finder/internal/callgraph/python_parser.go:158.35,160.5 1 0
github.com/scanoss/crypto-finder/internal/callgraph/python_parser.go:166.106,169.46 2 1
github.com/scanoss/crypto-finder/internal/callgraph/python_parser.go:169.46,171.23 2 1
github.com/scanoss/crypto-finder/internal/callgraph/python_parser.go:172.29,173.24 1 1
github.com/scanoss/crypto-finder/internal/callgraph/python_parser.go:173.24,175.5 1 1
github.com/scanoss/crypto-finder/internal/callgraph/python_parser.go:175.10,179.5 2 1
github.com/scanoss/crypto-finder/internal/callgraph/python_parser.go:180.25,183.62 2 0
github.com/scanoss/crypto-finder/internal/callgraph/python_parser.go:183.62,185.5 1 0
github.com/scanoss/crypto-finder/internal/callgraph/python_parser.go:186.26,188.24 1 0
github.com/scanoss/crypto-finder/internal/callgraph/python_parser.go:188.24,190.5 1 0
github.com/scanoss/crypto-finder/internal/callgraph/python_parser.go:191.24,193.12 1 0
github.com/scanoss/crypto-finder/internal/callgraph/python_parser.go:199.129,200.46 1 1
github.com/scanoss/crypto-finder/internal/callgraph/python_parser.go:200.46,202.23 2 1
github.com/scanoss/crypto-finder/internal/callgraph/python_parser.go:203.37,205.19 2 1
github.com/scanoss/crypto-finder/internal/callgraph/python_parser.go:205.19,207.5 1 1
github.com/scanoss/crypto-finder/internal/callgraph/python_parser.go:208.27,209.63 1 1
github.com/scanoss/crypto-finder/internal/callgraph/python_parser.go:210.31,212.67 1 0
github.com/scanoss/crypto-finder/internal/callgraph/python_parser.go:218.151,222.46 3 1
github.com/scanoss/crypto-finder/internal/callgraph/python_parser.go:222.46,224.23 2 1
github.com/scanoss/crypto-finder/internal/callgraph/python_parser.go:225.25,226.29 1 1
github.com/scanoss/crypto-finder/internal/callgraph/python_parser.go:227.16,228.16 1 1
github.com/scanoss/crypto-finder/internal/callgraph/python_parser.go:232.2,232.16 1 1
github.com/scanoss/crypto-finder/internal/callgraph/python_parser.go:232.16,234.3 1 0
github.com/scanoss/crypto-finder/internal/callgraph/python_parser.go:237.2,237.90 1 1
github.com/scanoss/crypto-finder/internal/callgraph/python_parser.go:237.90,239.3 1 1
github.com/scanoss/crypto-finder/internal/callgraph/python_parser.go:242.2,243.24 2 1
github.com/scanoss/crypto-finder/internal/callgraph/python_parser.go:243.24,245.3 1 1
github.com/scanoss/crypto-finder/internal/callgraph/python_parser.go:247.2,258.17 2 1
github.com/scanoss/crypto-finder/internal/callgraph/python_parser.go:258.17,260.3 1 1
github.com/scanoss/crypto-finder/internal/callgraph/python_parser.go:262.2,262.13 1 1
github.com/scanoss/crypto-finder/internal/callgraph/python_parser.go:266.122,270.46 3 1
github.com/scanoss/crypto-finder/internal/callgraph/python_parser.go:270.46,272.23 2 1
github.com/scanoss/crypto-finder/internal/callgraph/python_parser.go:273.25,274.34 1 1
github.com/scanoss/crypto-finder/internal/callgraph/python_parser.go:275.16,276.16 1 1
github.com/scanoss/crypto-finder/internal/callgraph/python_parser.go:280.2,280.36 1 1
github.com/scanoss/crypto-finder/internal/callgraph/python_parser.go:280.36,282.3 1 0
github.com/scanoss/crypto-finder/internal/callgraph/python_parser.go:285.2,285.78 1 1
github.com/scanoss/crypto-finder/internal/callgraph/python_parser.go:289.140,290.46 1 1
github.com/scanoss/crypto-finder/internal/callgraph/python_parser.go:290.46,292.23 2 1
github.com/scanoss/crypto-finder/internal/callgraph/python_parser.go:293.37,295.19 2 1
github.com/scanoss/crypto-finder/internal/callgraph/python_parser.go:295.19,297.5 1 1
github.com/scanoss/crypto-finder/internal/callgraph/python_parser.go:298.31,299.84 1 0
github.com/scanoss/crypto-finder/internal/callgraph/python_parser.go:305.143,306.46 1 0
github.com/scanoss/crypto-finder/internal/callgraph/python_parser.go:306.46,308.51 2 0
github.com/scanoss/crypto-finder/internal/callgraph/python_parser.go:308.51,309.12 1 0
github.com/scanoss/crypto-finder/internal/callgraph/python_parser.go:311.3,312.18 2 0
github.com/scanoss/crypto-finder/internal/callgraph/python_parser.go:312.18,314.4 1 0
github.com/scanoss/crypto-finder/internal/callgraph/python_parser.go:319.126,320.46 1 0
github.com/scanoss/crypto-finder/internal/callgraph/python_parser.go:320.46,322.23 2 0
github.com/scanoss/crypto-finder/internal/callgraph/python_parser.go:323.37,325.19 2 0
github.com/scanoss/crypto-finder/internal/callgraph/python_parser.go:325.19,327.5 1 0
github.com/scanoss/crypto-finder/internal/callgraph/python_parser.go:328.27,329.63 1 0
github.com/scanoss/crypto-finder/internal/callgraph/python_parser.go:335.124,339.2 3 1
github.com/scanoss/crypto-finder/internal/callgraph/python_parser.go:341.132,342.27 1 1
github.com/scanoss/crypto-finder/internal/callgraph/python_parser.go:342.27,343.74 1 1
github.com/scanoss/crypto-finder/internal/callgraph/python_parser.go:343.74,345.4 1 1
github.com/scanoss/crypto-finder/internal/callgraph/python_parser.go:348.2,348.46 1 1
github.com/scanoss/crypto-finder/internal/callgraph/python_parser.go:348.46,350.3 1 1
github.com/scanoss/crypto-finder/internal/callgraph/python_parser.go:354.124,355.28 1 1
github.com/scanoss/crypto-finder/internal/callgraph/python_parser.go:355.28,357.3 1 0
github.com/scanoss/crypto-finder/internal/callgraph/python_parser.go:359.2,363.25 4 1
github.com/scanoss/crypto-finder/internal/callgraph/python_parser.go:364.24,367.44 2 1
github.com/scanoss/crypto-finder/internal/callgraph/python_parser.go:367.44,375.4 1 1
github.com/scanoss/crypto-finder/internal/callgraph/python_parser.go:376.3,381.4 1 1
github.com/scanoss/crypto-finder/internal/callgraph/python_parser.go:382.19,384.71 1 1
github.com/scanoss/crypto-finder/internal/callgraph/python_parser.go:387.2,387.12 1 0
github.com/scanoss/crypto-finder/internal/callgraph/python_parser.go:391.139,394.46 2 1
github.com/scanoss/crypto-finder/internal/callgraph/python_parser.go:394.46,396.23 2 1
github.com/scanoss/crypto-finder/internal/callgraph/python_parser.go:397.25,398.20 1 1
github.com/scanoss/crypto-finder/internal/callgraph/python_parser.go:398.20,400.5 1 1
github.com/scanoss/crypto-finder/internal/callgraph/python_parser.go:400.10,402.5 1 1
github.com/scanoss/crypto-finder/internal/callgraph/python_parser.go:403.20,405.31 1 0
github.com/scanoss/crypto-finder/internal/callgraph/python_parser.go:409.2,409.18 1 1
github.com/scanoss/crypto-finder/internal/callgraph/python_parser.go:409.18,411.3 1 1
github.com/scanoss/crypto-finder/internal/callgraph/python_parser.go:413.2,416.36 2 1
github.com/scanoss/crypto-finder/internal/callgraph/python_parser.go:416.36,423.3 1 0
github.com/scanoss/crypto-finder/internal/callgraph/python_parser.go:426.2,426.45 1 1
github.com/scanoss/crypto-finder/internal/callgraph/python_parser.go:426.45,433.3 1 1
github.com/scanoss/crypto-finder/internal/callgraph/python_parser.go:437.2,437.54 1 1
github.com/scanoss/crypto-finder/internal/callgraph/python_parser.go:437.54,439.52 2 0
github.com/scanoss/crypto-finder/internal/callgraph/python_parser.go:439.52,447.4 2 0
github.com/scanoss/crypto-finder/internal/callgraph/python_parser.go:451.2,456.3 1 1
github.com/scanoss/crypto-finder/internal/callgraph/rust_parser.go:21.34,25.2 3 1
github.com/scanoss/crypto-finder/internal/callgraph/rust_parser.go:28.49,30.2 1 1
github.com/scanoss/crypto-finder/internal/callgraph/rust_parser.go:36.72,37.22 1 1
github.com/scanoss/crypto-finder/internal/callgraph/rust_parser.go:37.22,39.3 1 1
github.com/scanoss/crypto-finder/internal/callgraph/rust_parser.go:40.2,40.22 1 1
github.com/scanoss/crypto-finder/internal/callgraph/rust_parser.go:40.22,42.3 1 1
github.com/scanoss/crypto-finder/internal/callgraph/rust_parser.go:43.2,43.36 1 1
github.com/scanoss/crypto-finder/internal/callgraph/rust_parser.go:47.48,49.2 1 1
github.com/scanoss/crypto-finder/internal/callgraph/rust_parser.go:52.87,54.16 2 1
github.com/scanoss/crypto-finder/internal/callgraph/rust_parser.go:54.16,56.3 1 0
github.com/scanoss/crypto-finder/internal/callgraph/rust_parser.go:58.2,59.32 2 1
github.com/scanoss/crypto-finder/internal/callgraph/rust_parser.go:59.32,60.20 1 1
github.com/scanoss/crypto-finder/internal/callgraph/rust_parser.go:60.20,61.12 1 0
github.com/scanoss/crypto-finder/internal/callgraph/rust_parser.go:63.3,64.38 2 1
github.com/scanoss/crypto-finder/internal/callgraph/rust_parser.go:64.38,65.12 1 0
github.com/scanoss/crypto-finder/internal/callgraph/rust_parser.go:68.3,68.64 1 1
github.com/scanoss/crypto-finder/internal/callgraph/rust_parser.go:68.64,69.12 1 1
github.com/scanoss/crypto-finder/internal/callgraph/rust_parser.go:72.3,74.17 3 1
github.com/scanoss/crypto-finder/internal/callgraph/rust_parser.go:74.17,75.12 1 0
github.com/scanoss/crypto-finder/internal/callgraph/rust_parser.go:77.3,77.40 1 1
github.com/scanoss/crypto-finder/internal/callgraph/rust_parser.go:80.2,80.22 1 1
github.com/scanoss/crypto-finder/internal/callgraph/rust_parser.go:84.85,86.16 2 1
github.com/scanoss/crypto-finder/internal/callgraph/rust_parser.go:86.16,88.3 1 0
github.com/scanoss/crypto-finder/internal/callgraph/rust_parser.go:90.2,91.16 2 1
github.com/scanoss/crypto-finder/internal/callgraph/rust_parser.go:91.16,93.3 1 0
github.com/scanoss/crypto-finder/internal/callgraph/rust_parser.go:94.2,110.22 6 1
github.com/scanoss/crypto-finder/internal/callgraph/rust_parser.go:116.92,117.46 1 1
github.com/scanoss/crypto-finder/internal/callgraph/rust_parser.go:117.46,119.40 2 1
github.com/scanoss/crypto-finder/internal/callgraph/rust_parser.go:119.40,121.4 1 1
github.com/scanoss/crypto-finder/internal/callgraph/rust_parser.go:126.107,127.46 1 1
github.com/scanoss/crypto-finder/internal/callgraph/rust_parser.go:127.46,129.23 2 1
github.com/scanoss/crypto-finder/internal/callgraph/rust_parser.go:130.33,134.19 3 1
github.com/scanoss/crypto-finder/internal/callgraph/rust_parser.go:134.19,138.5 3 1
github.com/scanoss/crypto-finder/internal/callgraph/rust_parser.go:139.25,142.20 2 0
github.com/scanoss/crypto-finder/internal/callgraph/rust_parser.go:142.20,144.5 1 0
github.com/scanoss/crypto-finder/internal/callgraph/rust_parser.go:145.26,147.48 1 1
github.com/scanoss/crypto-finder/internal/callgraph/rust_parser.go:148.23,150.20 1 0
github.com/scanoss/crypto-finder/internal/callgraph/rust_parser.go:150.20,152.5 1 0
github.com/scanoss/crypto-finder/internal/callgraph/rust_parser.go:158.98,161.46 2 1
github.com/scanoss/crypto-finder/internal/callgraph/rust_parser.go:161.46,163.23 2 1
github.com/scanoss/crypto-finder/internal/callgraph/rust_parser.go:164.51,165.33 1 1
github.com/scanoss/crypto-finder/internal/callgraph/rust_parser.go:166.19,168.49 1 1
github.com/scanoss/crypto-finder/internal/callgraph/rust_parser.go:168.49,170.24 2 1
github.com/scanoss/crypto-finder/internal/callgraph/rust_parser.go:171.27,173.39 2 1
github.com/scanoss/crypto-finder/internal/callgraph/rust_parser.go:174.35,177.21 3 0
github.com/scanoss/crypto-finder/internal/callgraph/rust_parser.go:177.21,180.7 2 0
github.com/scanoss/crypto-finder/internal/callgraph/rust_parser.go:181.28,183.49 1 0
github.com/scanoss/crypto-finder/internal/callgraph/rust_parser.go:191.127,192.46 1 1
github.com/scanoss/crypto-finder/internal/callgraph/rust_parser.go:192.46,194.23 2 1
github.com/scanoss/crypto-finder/internal/callgraph/rust_parser.go:195.24,197.19 2 1
github.com/scanoss/crypto-finder/internal/callgraph/rust_parser.go:197.19,199.5 1 1
github.com/scanoss/crypto-finder/internal/callgraph/rust_parser.go:200.20,201.67 1 1
github.com/scanoss/crypto-finder/internal/callgraph/rust_parser.go:207.149,211.46 3 1
github.com/scanoss/crypto-finder/internal/callgraph/rust_parser.go:211.46,213.23 2 1
github.com/scanoss/crypto-finder/internal/callgraph/rust_parser.go:214.25,215.29 1 1
github.com/scanoss/crypto-finder/internal/callgraph/rust_parser.go:216.20,217.16 1 1
github.com/scanoss/crypto-finder/internal/callgraph/rust_parser.go:221.2,221.16 1 1
github.com/scanoss/crypto-finder/internal/callgraph/rust_parser.go:221.16,223.3 1 0
github.com/scanoss/crypto-finder/internal/callgraph/rust_parser.go:225.2,236.17 2 1
github.com/scanoss/crypto-finder/internal/callgraph/rust_parser.go:236.17,238.3 1 1
github.com/scanoss/crypto-finder/internal/callgraph/rust_parser.go:240.2,240.13 1 1
github.com/scanoss/crypto-finder/internal/callgraph/rust_parser.go:245.124,249.46 3 1
github.com/scanoss/crypto-finder/internal/callgraph/rust_parser.go:249.46,251.23 2 1
github.com/scanoss/crypto-finder/internal/callgraph/rust_parser.go:252.80,253.22 1 1
github.com/scanoss/crypto-finder/internal/callgraph/rust_parser.go:253.22,255.5 1 1
github.com/scanoss/crypto-finder/internal/callgraph/rust_parser.go:256.27,257.16 1 1
github.com/scanoss/crypto-finder/internal/callgraph/rust_parser.go:261.2,261.35 1 1
github.com/scanoss/crypto-finder/internal/callgraph/rust_parser.go:261.35,263.3 1 0
github.com/scanoss/crypto-finder/internal/callgraph/rust_parser.go:265.2,265.46 1 1
github.com/scanoss/crypto-finder/internal/callgraph/rust_parser.go:265.46,267.38 2 1
github.com/scanoss/crypto-finder/internal/callgraph/rust_parser.go:267.38,269.19 2 1
github.com/scanoss/crypto-finder/internal/callgraph/rust_parser.go:269.19,271.5 1 1
github.com/scanoss/crypto-finder/internal/callgraph/rust_parser.go:277.76,278.21 1 1
github.com/scanoss/crypto-finder/internal/callgraph/rust_parser.go:279.28,280.27 1 1
github.com/scanoss/crypto-finder/internal/callgraph/rust_parser.go:281.27,283.47 1 0
github.com/scanoss/crypto-finder/internal/callgraph/rust_parser.go:283.47,285.44 2 0
github.com/scanoss/crypto-finder/internal/callgraph/rust_parser.go:285.44,287.5 1 0
github.com/scanoss/crypto-finder/internal/callgraph/rust_parser.go:289.36,292.56 2 0
github.com/scanoss/crypto-finder/internal/callgraph/rust_parser.go:292.56,294.4 1 0
github.com/scanoss/crypto-finder/internal/callgraph/rust_parser.go:295.3,295.17 1 0
github.com/scanoss/crypto-finder/internal/callgraph/rust_parser.go:297.2,297.26 1 0
github.com/scanoss/crypto-finder/internal/callgraph/rust_parser.go:301.122,305.2 3 1
github.com/scanoss/crypto-finder/internal/callgraph/rust_parser.go:307.130,308.38 1 1
github.com/scanoss/crypto-finder/internal/callgraph/rust_parser.go:308.38,309.74 1 1
github.com/scanoss/crypto-finder/internal/callgraph/rust_parser.go:309.74,311.4 1 1
github.com/scanoss/crypto-finder/internal/callgraph/rust_parser.go:314.2,314.46 1 1
github.com/scanoss/crypto-finder/internal/callgraph/rust_parser.go:314.46,316.3 1 1
github.com/scanoss/crypto-finder/internal/callgraph/rust_parser.go:320.122,321.28 1 1
github.com/scanoss/crypto-finder/internal/callgraph/rust_parser.go:321.28,323.3 1 0
github.com/scanoss/crypto-finder/internal/callgraph/rust_parser.go:325.2,329.25 4 1
github.com/scanoss/crypto-finder/internal/callgraph/rust_parser.go:330.32,332.68 1 1
github.com/scanoss/crypto-finder/internal/callgraph/rust_parser.go:333.24,337.44 2 1
github.com/scanoss/crypto-finder/internal/callgraph/rust_parser.go:337.44,344.4 1 0
github.com/scanoss/crypto-finder/internal/callgraph/rust_parser.go:345.3,350.4 1 1
github.com/scanoss/crypto-finder/internal/callgraph/rust_parser.go:351.26,353.67 1 1
github.com/scanoss/crypto-finder/internal/callgraph/rust_parser.go:356.2,356.12 1 0
github.com/scanoss/crypto-finder/internal/callgraph/rust_parser.go:360.134,363.18 3 1
github.com/scanoss/crypto-finder/internal/callgraph/rust_parser.go:363.18,365.3 1 0
github.com/scanoss/crypto-finder/internal/callgraph/rust_parser.go:367.2,372.45 3 1
github.com/scanoss/crypto-finder/internal/callgraph/rust_parser.go:372.45,379.3 1 1
github.com/scanoss/crypto-finder/internal/callgraph/rust_parser.go:383.2,384.18 2 1
github.com/scanoss/crypto-finder/internal/callgraph/rust_parser.go:384.18,386.52 2 1
github.com/scanoss/crypto-finder/internal/callgraph/rust_parser.go:386.52,394.4 2 1
github.com/scanoss/crypto-finder/internal/callgraph/rust_parser.go:398.2,403.3 1 0
github.com/scanoss/crypto-finder/internal/callgraph/rust_parser.go:407.133,410.46 2 1
github.com/scanoss/crypto-finder/internal/callgraph/rust_parser.go:410.46,412.23 2 1
github.com/scanoss/crypto-finder/internal/callgraph/rust_parser.go:413.29,414.20 1 1
github.com/scanoss/crypto-finder/internal/callgraph/rust_parser.go:414.20,416.5 1 1
github.com/scanoss/crypto-finder/internal/callgraph/rust_parser.go:417.27,418.30 1 1
github.com/scanoss/crypto-finder/internal/callgraph/rust_parser.go:422.2,422.17 1 1
github.com/scanoss/crypto-finder/internal/callgraph/rust_parser.go:422.17,424.3 1 0
github.com/scanoss/crypto-finder/internal/callgraph/rust_parser.go:426.2,429.22 2 1
github.com/scanoss/crypto-finder/internal/callgraph/rust_parser.go:429.22,436.3 1 0
github.com/scanoss/crypto-finder/internal/callgraph/rust_parser.go:439.2,439.45 1 1
github.com/scanoss/crypto-finder/internal/callgraph/rust_parser.go:439.45,446.3 1 0
github.com/scanoss/crypto-finder/internal/callgraph/rust_parser.go:448.2,453.3 1 1
github.com/scanoss/crypto-finder/internal/callgraph/tracer.go:13.57,15.2 1 1
github.com/scanoss/crypto-finder/internal/callgraph/tracer.go:19.82,20.39 1 1
github.com/scanoss/crypto-finder/internal/callgraph/tracer.go:20.39,21.76 1 1
github.com/scanoss/crypto-finder/internal/callgraph/tracer.go:21.76,23.4 1 1
github.com/scanoss/crypto-finder/internal/callgraph/tracer.go:25.2,25.12 1 1
github.com/scanoss/crypto-finder/internal/callgraph/tracer.go:36.103,40.56 2 1
github.com/scanoss/crypto-finder/internal/callgraph/tracer.go:40.56,43.3 2 1
github.com/scanoss/crypto-finder/internal/callgraph/tracer.go:45.2,64.21 5 1
github.com/scanoss/crypto-finder/internal/callgraph/tracer.go:64.21,69.52 3 1
github.com/scanoss/crypto-finder/internal/callgraph/tracer.go:69.52,70.12 1 1
github.com/scanoss/crypto-finder/internal/callgraph/tracer.go:74.3,79.24 4 1
github.com/scanoss/crypto-finder/internal/callgraph/tracer.go:79.24,81.93 1 1
github.com/scanoss/crypto-finder/internal/callgraph/tracer.go:81.93,83.5 1 1
github.com/scanoss/crypto-finder/internal/callgraph/tracer.go:84.4,84.12 1 1
github.com/scanoss/crypto-finder/internal/callgraph/tracer.go:87.3,87.37 1 1
github.com/scanoss/crypto-finder/internal/callgraph/tracer.go:87.37,88.34 1 1
github.com/scanoss/crypto-finder/internal/callgraph/tracer.go:88.34,89.13 1 0
github.com/scanoss/crypto-finder/internal/callgraph/tracer.go:92.4,93.15 2 1
github.com/scanoss/crypto-finder/internal/callgraph/tracer.go:93.15,94.13 1 0
github.com/scanoss/crypto-finder/internal/callgraph/tracer.go:98.4,110.38 6 1
github.com/scanoss/crypto-finder/internal/callgraph/tracer.go:110.38,112.5 1 1
github.com/scanoss/crypto-finder/internal/callgraph/tracer.go:113.4,118.6 2 1
github.com/scanoss/crypto-finder/internal/callgraph/tracer.go:122.2,122.16 1 1
github.com/scanoss/crypto-finder/internal/callgraph/tracer.go:127.79,129.23 1 1
github.com/scanoss/crypto-finder/internal/callgraph/tracer.go:129.23,131.3 1 1
github.com/scanoss/crypto-finder/internal/callgraph/tracer.go:133.2,133.36 1 1
github.com/scanoss/crypto-finder/internal/callgraph/tracer.go:133.36,135.61 2 1
github.com/scanoss/crypto-finder/internal/callgraph/tracer.go:135.61,137.4 1 1
github.com/scanoss/crypto-finder/internal/callgraph/tracer.go:139.2,139.14 1 1
github.com/scanoss/crypto-finder/internal/callgraph/tracer.go:143.97,144.29 1 1
github.com/scanoss/crypto-finder/internal/callgraph/tracer.go:144.29,145.62 1 1
github.com/scanoss/crypto-finder/internal/callgraph/tracer.go:145.62,147.4 1 1
github.com/scanoss/crypto-finder/internal/callgraph/tracer.go:149.2,149.14 1 0
github.com/scanoss/crypto-finder/internal/callgraph/tracer.go:153.65,154.38 1 1
github.com/scanoss/crypto-finder/internal/callgraph/tracer.go:154.38,155.40 1 1
github.com/scanoss/crypto-finder/internal/callgraph/tracer.go:155.40,157.4 1 1
github.com/scanoss/crypto-finder/internal/callgraph/tracer.go:160.2,160.27 1 1
github.com/scanoss/crypto-finder/internal/callgraph/types.go:23.37,24.18 1 1
github.com/scanoss/crypto-finder/internal/callgraph/types.go:24.18,26.3 1 1
github.com/scanoss/crypto-finder/internal/callgraph/types.go:27.2,27.48 1 1
github.com/scanoss/crypto-finder/internal/callgraph/types.go:90.55,92.60 1 1
github.com/scanoss/crypto-finder/internal/callgraph/types.go:92.60,97.21 4 1
github.com/scanoss/crypto-finder/internal/callgraph/types.go:97.21,99.4 1 1
github.com/scanoss/crypto-finder/internal/callgraph/types.go:100.3,103.62 3 1
github.com/scanoss/crypto-finder/internal/callgraph/types.go:107.2,108.58 2 1
github.com/scanoss/crypto-finder/internal/callgraph/types.go:108.58,110.3 1 1
github.com/scanoss/crypto-finder/internal/callgraph/types.go:112.2,115.8 1 1
github.com/scanoss/crypto-finder/internal/callgraph/types.go:128.48,130.32 2 1
github.com/scanoss/crypto-finder/internal/callgraph/types.go:130.32,136.3 1 1
github.com/scanoss/crypto-finder/internal/callgraph/types.go:137.2,137.16 1 1
github.com/scanoss/crypto-finder/internal/callgraph/types.go:142.37,144.32 2 1
github.com/scanoss/crypto-finder/internal/callgraph/types.go:144.32,146.3 1 1
github.com/scanoss/crypto-finder/internal/callgraph/types.go:147.2,147.36 1 1
github.com/scanoss/crypto-finder/internal/dependency/cargo_resolver.go:50.40,52.2 1 1
github.com/scanoss/crypto-finder/internal/dependency/cargo_resolver.go:55.44,57.2 1 1
github.com/scanoss/crypto-finder/internal/dependency/cargo_resolver.go:61.103,63.16 2 0
github.com/scanoss/crypto-finder/internal/dependency/cargo_resolver.go:63.16,65.3 1 0
github.com/scanoss/crypto-finder/internal/dependency/cargo_resolver.go:67.2,75.36 3 0
github.com/scanoss/crypto-finder/internal/dependency/cargo_resolver.go:75.36,76.24 1 0
github.com/scanoss/crypto-finder/internal/dependency/cargo_resolver.go:76.24,83.31 3 0
github.com/scanoss/crypto-finder/internal/dependency/cargo_resolver.go:83.31,85.5 1 0
github.com/scanoss/crypto-finder/internal/dependency/cargo_resolver.go:86.4,86.12 1 0
github.com/scanoss/crypto-finder/internal/dependency/cargo_resolver.go:89.3,94.5 2 0
github.com/scanoss/crypto-finder/internal/dependency/cargo_resolver.go:98.2,98.42 1 0
github.com/scanoss/crypto-finder/internal/dependency/cargo_resolver.go:98.42,101.3 2 0
github.com/scanoss/crypto-finder/internal/dependency/cargo_resolver.go:104.2,104.42 1 0
github.com/scanoss/crypto-finder/internal/dependency/cargo_resolver.go:104.42,106.23 2 0
github.com/scanoss/crypto-finder/internal/dependency/cargo_resolver.go:106.23,107.12 1 0
github.com/scanoss/crypto-finder/internal/dependency/cargo_resolver.go:109.3,109.33 1 0
github.com/scanoss/crypto-finder/internal/dependency/cargo_resolver.go:109.33,111.23 2 0
github.com/scanoss/crypto-finder/internal/dependency/cargo_resolver.go:111.23,113.5 1 0
github.com/scanoss/crypto-finder/internal/dependency/cargo_resolver.go:114.4,114.74 1 0
github.com/scanoss/crypto-finder/internal/dependency/cargo_resolver.go:118.2,123.20 2 0
github.com/scanoss/crypto-finder/internal/dependency/cargo_resolver.go:127.96,135.34 5 0
github.com/scanoss/crypto-finder/internal/dependency/cargo_resolver.go:135.34,137.3 1 0
github.com/scanoss/crypto-finder/internal/dependency/cargo_resolver.go:139.2,140.62 2 0
github.com/scanoss/crypto-finder/internal/dependency/cargo_resolver.go:140.62,142.3 1 0
github.com/scanoss/crypto-finder/internal/dependency/cargo_resolver.go:144.2,144.19 1 0
github.com/scanoss/crypto-finder/internal/dependency/cargo_resolver.go:150.47,152.46 1 1
github.com/scanoss/crypto-finder/internal/dependency/cargo_resolver.go:152.46,154.3 1 1
github.com/scanoss/crypto-finder/internal/dependency/cargo_resolver.go:156.2,156.46 1 1
github.com/scanoss/crypto-finder/internal/dependency/cargo_resolver.go:156.46,158.3 1 1
github.com/scanoss/crypto-finder/internal/dependency/cargo_resolver.go:159.2,159.11 1 1
github.com/scanoss/crypto-finder/internal/dependency/go_resolver.go:26.34,28.2 1 1
github.com/scanoss/crypto-finder/internal/dependency/go_resolver.go:31.41,33.2 1 1
github.com/scanoss/crypto-finder/internal/dependency/go_resolver.go:38.100,40.16 2 1
github.com/scanoss/crypto-finder/internal/dependency/go_resolver.go:40.16,42.3 1 0
github.com/scanoss/crypto-finder/internal/dependency/go_resolver.go:44.2,49.28 2 1
github.com/scanoss/crypto-finder/internal/dependency/go_resolver.go:49.28,50.13 1 1
github.com/scanoss/crypto-finder/internal/dependency/go_resolver.go:50.13,52.12 2 1
github.com/scanoss/crypto-finder/internal/dependency/go_resolver.go:56.3,56.18 1 1
github.com/scanoss/crypto-finder/internal/dependency/go_resolver.go:56.18,58.12 2 1
github.com/scanoss/crypto-finder/internal/dependency/go_resolver.go:61.3,65.5 1 1
github.com/scanoss/crypto-finder/internal/dependency/go_resolver.go:69.2,70.16 2 1
github.com/scanoss/crypto-finder/internal/dependency/go_resolver.go:70.16,72.3 1 1
github.com/scanoss/crypto-finder/internal/dependency/go_resolver.go:72.8,74.3 1 1
github.com/scanoss/crypto-finder/internal/dependency/go_resolver.go:76.2,81.20 2 1
github.com/scanoss/crypto-finder/internal/dependency/go_resolver.go:86.89,94.34 6 1
github.com/scanoss/crypto-finder/internal/dependency/go_resolver.go:94.34,96.3 1 0
github.com/scanoss/crypto-finder/internal/dependency/go_resolver.go:98.2,100.21 3 1
github.com/scanoss/crypto-finder/internal/dependency/go_resolver.go:100.21,102.44 2 1
github.com/scanoss/crypto-finder/internal/dependency/go_resolver.go:102.44,104.4 1 1
github.com/scanoss/crypto-finder/internal/dependency/go_resolver.go:105.3,105.31 1 1
github.com/scanoss/crypto-finder/internal/dependency/go_resolver.go:108.2,108.21 1 1
github.com/scanoss/crypto-finder/internal/dependency/go_resolver.go:113.95,121.34 6 1
github.com/scanoss/crypto-finder/internal/dependency/go_resolver.go:121.34,123.3 1 1
github.com/scanoss/crypto-finder/internal/dependency/go_resolver.go:125.2,126.60 2 1
github.com/scanoss/crypto-finder/internal/dependency/go_resolver.go:126.60,128.17 2 1
github.com/scanoss/crypto-finder/internal/dependency/go_resolver.go:128.17,129.12 1 1
github.com/scanoss/crypto-finder/internal/dependency/go_resolver.go:131.3,132.22 2 1
github.com/scanoss/crypto-finder/internal/dependency/go_resolver.go:132.22,133.12 1 0
github.com/scanoss/crypto-finder/internal/dependency/go_resolver.go:136.3,138.47 3 1
github.com/scanoss/crypto-finder/internal/dependency/go_resolver.go:141.2,141.19 1 1
github.com/scanoss/crypto-finder/internal/dependency/go_resolver.go:146.50,147.63 1 1
github.com/scanoss/crypto-finder/internal/dependency/go_resolver.go:147.63,149.3 1 1
github.com/scanoss/crypto-finder/internal/dependency/go_resolver.go:150.2,150.24 1 1
github.com/scanoss/crypto-finder/internal/dependency/maven_resolver.go:32.40,34.2 1 1
github.com/scanoss/crypto-finder/internal/dependency/maven_resolver.go:37.44,39.2 1 1
github.com/scanoss/crypto-finder/internal/dependency/maven_resolver.go:42.103,45.16 2 1
github.com/scanoss/crypto-finder/internal/dependency/maven_resolver.go:45.16,47.3 1 0
github.com/scanoss/crypto-finder/internal/dependency/maven_resolver.go:49.2,57.16 3 1
github.com/scanoss/crypto-finder/internal/dependency/maven_resolver.go:57.16,59.3 1 0
github.com/scanoss/crypto-finder/internal/dependency/maven_resolver.go:61.2,61.20 1 1
github.com/scanoss/crypto-finder/internal/dependency/maven_resolver.go:61.20,64.3 2 0
[...]
github.com/scanoss/crypto-finder/internal/dependency/maven_resolver.go:243.2,244.21 2 1
github.com/scanoss/crypto-finder/internal/dependency/maven_resolver.go:244.21,246.3 1 0
github.com/scanoss/crypto-finder/internal/dependency/maven_resolver.go:247.2,254.46 4 1
github.com/scanoss/crypto-finder/internal/dependency/maven_resolver.go:254.46,256.3 1 1
github.com/scanoss/crypto-finder/internal/dependency/maven_resolver.go:259.2,260.16 2 1
github.com/scanoss/crypto-finder/internal/dependency/maven_resolver.go:260.16,263.3 2 0
github.com/scanoss/crypto-finder/internal/dependency/maven_resolver.go:265.2,265.12 1 1
github.com/scanoss/crypto-finder/internal/dependency/maven_resolver.go:269.108,271.16 2 1
github.com/scanoss/crypto-finder/internal/dependency/maven_resolver.go:271.16,273.3 1 0
github.com/scanoss/crypto-finder/internal/dependency/maven_resolver.go:274.2,275.40 2 1
github.com/scanoss/crypto-finder/internal/dependency/maven_resolver.go:275.40,277.3 1 0
github.com/scanoss/crypto-finder/internal/dependency/maven_resolver.go:278.2,278.15 1 1
github.com/scanoss/crypto-finder/internal/dependency/maven_resolver.go:278.15,279.85 1 1
github.com/scanoss/crypto-finder/internal/dependency/maven_resolver.go:279.85,281.4 1 0
github.com/scanoss/crypto-finder/internal/dependency/maven_resolver.go:285.2,295.34 5 1
github.com/scanoss/crypto-finder/internal/dependency/maven_resolver.go:295.34,297.3 1 0
github.com/scanoss/crypto-finder/internal/dependency/maven_resolver.go:300.2,301.16 2 1
github.com/scanoss/crypto-finder/internal/dependency/maven_resolver.go:301.16,303.3 1 0
github.com/scanoss/crypto-finder/internal/dependency/maven_resolver.go:305.2,305.45 1 1
github.com/scanoss/crypto-finder/internal/dependency/maven_resolver.go:311.76,315.51 3 1
github.com/scanoss/crypto-finder/internal/dependency/maven_resolver.go:315.51,316.17 1 1
github.com/scanoss/crypto-finder/internal/dependency/maven_resolver.go:316.17,317.12 1 1
github.com/scanoss/crypto-finder/internal/dependency/maven_resolver.go:321.3,323.78 3 1
github.com/scanoss/crypto-finder/internal/dependency/maven_resolver.go:323.78,326.4 2 1
github.com/scanoss/crypto-finder/internal/dependency/maven_resolver.go:327.3,327.78 1 1
github.com/scanoss/crypto-finder/internal/dependency/maven_resolver.go:327.78,330.4 2 1
github.com/scanoss/crypto-finder/internal/dependency/maven_resolver.go:332.3,333.21 2 1
github.com/scanoss/crypto-finder/internal/dependency/maven_resolver.go:333.21,334.12 1 0
github.com/scanoss/crypto-finder/internal/dependency/maven_resolver.go:337.3,340.17 2 1
github.com/scanoss/crypto-finder/internal/dependency/maven_resolver.go:340.17,342.4 1 1
github.com/scanoss/crypto-finder/internal/dependency/maven_resolver.go:342.9,344.27 1 1
github.com/scanoss/crypto-finder/internal/dependency/maven_resolver.go:344.27,346.5 1 1
github.com/scanoss/crypto-finder/internal/dependency/maven_resolver.go:348.4,348.22 1 1
github.com/scanoss/crypto-finder/internal/dependency/maven_resolver.go:348.22,351.5 2 1
github.com/scanoss/crypto-finder/internal/dependency/maven_resolver.go:352.4,352.33 1 1
github.com/scanoss/crypto-finder/internal/dependency/maven_resolver.go:356.2,356.14 1 1
github.com/scanoss/crypto-finder/internal/dependency/pip_resolver.go:38.36,40.2 1 1
github.com/scanoss/crypto-finder/internal/dependency/pip_resolver.go:43.42,45.2 1 1
github.com/scanoss/crypto-finder/internal/dependency/pip_resolver.go:51.101,63.16 4 0
github.com/scanoss/crypto-finder/internal/dependency/pip_resolver.go:63.16,65.3 1 0
github.com/scanoss/crypto-finder/internal/dependency/pip_resolver.go:67.2,67.24 1 0
github.com/scanoss/crypto-finder/internal/dependency/pip_resolver.go:67.24,70.3 2 0
github.com/scanoss/crypto-finder/internal/dependency/pip_resolver.go:73.2,74.31 2 0
github.com/scanoss/crypto-finder/internal/dependency/pip_resolver.go:74.31,76.3 1 0
github.com/scanoss/crypto-finder/internal/dependency/pip_resolver.go:78.2,79.16 2 0
github.com/scanoss/crypto-finder/internal/dependency/pip_resolver.go:79.16,81.3 1 0
github.com/scanoss/crypto-finder/internal/dependency/pip_resolver.go:84.2,85.27 2 0
github.com/scanoss/crypto-finder/internal/dependency/pip_resolver.go:85.27,87.3 1 0
github.com/scanoss/crypto-finder/internal/dependency/pip_resolver.go:87.8,91.28 3 0
github.com/scanoss/crypto-finder/internal/dependency/pip_resolver.go:91.28,93.4 1 0
github.com/scanoss/crypto-finder/internal/dependency/pip_resolver.go:93.9,95.4 1 0
github.com/scanoss/crypto-finder/internal/dependency/pip_resolver.go:99.2,101.31 3 0
github.com/scanoss/crypto-finder/internal/dependency/pip_resolver.go:101.31,103.90 1 0
github.com/scanoss/crypto-finder/internal/dependency/pip_resolver.go:103.90,104.12 1 0
github.com/scanoss/crypto-finder/internal/dependency/pip_resolver.go:107.3,109.16 3 0
github.com/scanoss/crypto-finder/internal/dependency/pip_resolver.go:109.16,110.18 1 0
github.com/scanoss/crypto-finder/internal/dependency/pip_resolver.go:111.27,112.102 1 0
github.com/scanoss/crypto-finder/internal/dependency/pip_resolver.go:113.30,115.100 2 0
github.com/scanoss/crypto-finder/internal/dependency/pip_resolver.go:116.28,118.113 2 0
github.com/scanoss/crypto-finder/internal/dependency/pip_resolver.go:119.12,120.90 1 0
github.com/scanoss/crypto-finder/internal/dependency/pip_resolver.go:122.4,122.12 1 0
github.com/scanoss/crypto-finder/internal/dependency/pip_resolver.go:125.3,132.26 2 0
github.com/scanoss/crypto-finder/internal/dependency/pip_resolver.go:132.26,133.59 1 0
github.com/scanoss/crypto-finder/internal/dependency/pip_resolver.go:133.59,135.18 2 0
github.com/scanoss/crypto-finder/internal/dependency/pip_resolver.go:135.18,137.6 1 0
github.com/scanoss/crypto-finder/internal/dependency/pip_resolver.go:142.2,149.20 2 0
github.com/scanoss/crypto-finder/internal/dependency/pip_resolver.go:153.65,156.57 2 0
github.com/scanoss/crypto-finder/internal/dependency/pip_resolver.go:156.57,157.59 1 0
github.com/scanoss/crypto-finder/internal/dependency/pip_resolver.go:157.59,159.4 1 0
github.com/scanoss/crypto-finder/internal/dependency/pip_resolver.go:163.2,163.33 1 0
github.com/scanoss/crypto-finder/internal/dependency/pip_resolver.go:168.48,171.21 3 1
github.com/scanoss/crypto-finder/internal/dependency/pip_resolver.go:171.21,173.26 2 1
github.com/scanoss/crypto-finder/internal/dependency/pip_resolver.go:173.26,175.12 2 1
github.com/scanoss/crypto-finder/internal/dependency/pip_resolver.go:177.3,177.35 1 1
github.com/scanoss/crypto-finder/internal/dependency/pip_resolver.go:177.35,179.12 2 1
github.com/scanoss/crypto-finder/internal/dependency/pip_resolver.go:181.3,181.58 1 1
github.com/scanoss/crypto-finder/internal/dependency/pip_resolver.go:181.58,183.23 2 1
github.com/scanoss/crypto-finder/internal/dependency/pip_resolver.go:183.23,187.5 3 1
github.com/scanoss/crypto-finder/internal/dependency/pip_resolver.go:190.2,190.11 1 1
github.com/scanoss/crypto-finder/internal/dependency/pip_resolver.go:194.74,201.34 5 0
github.com/scanoss/crypto-finder/internal/dependency/pip_resolver.go:201.34,203.3 1 0
github.com/scanoss/crypto-finder/internal/dependency/pip_resolver.go:205.2,206.66 2 0
github.com/scanoss/crypto-finder/internal/dependency/pip_resolver.go:206.66,208.3 1 0
github.com/scanoss/crypto-finder/internal/dependency/pip_resolver.go:210.2,210.22 1 0
github.com/scanoss/crypto-finder/internal/dependency/pip_resolver.go:216.107,217.28 1 0
github.com/scanoss/crypto-finder/internal/dependency/pip_resolver.go:217.28,219.3 1 0
github.com/scanoss/crypto-finder/internal/dependency/pip_resolver.go:222.2,225.52 3 0
github.com/scanoss/crypto-finder/internal/dependency/pip_resolver.go:225.52,236.35 8 0
github.com/scanoss/crypto-finder/internal/dependency/pip_resolver.go:236.35,238.12 2 0
github.com/scanoss/crypto-finder/internal/dependency/pip_resolver.go:241.3,242.27 2 0
github.com/scanoss/crypto-finder/internal/dependency/pip_resolver.go:245.2,245.20 1 0
github.com/scanoss/crypto-finder/internal/dependency/pip_resolver.go:250.63,255.21 4 1
github.com/scanoss/crypto-finder/internal/dependency/pip_resolver.go:255.21,258.20 2 1
github.com/scanoss/crypto-finder/internal/dependency/pip_resolver.go:258.20,259.26 1 1
github.com/scanoss/crypto-finder/internal/dependency/pip_resolver.go:259.26,261.5 1 1
github.com/scanoss/crypto-finder/internal/dependency/pip_resolver.go:262.4,263.12 2 1
github.com/scanoss/crypto-finder/internal/dependency/pip_resolver.go:266.3,267.22 2 1
github.com/scanoss/crypto-finder/internal/dependency/pip_resolver.go:267.22,268.12 1 0
github.com/scanoss/crypto-finder/internal/dependency/pip_resolver.go:271.3,274.14 3 1
github.com/scanoss/crypto-finder/internal/dependency/pip_resolver.go:275.15,276.24 1 1
github.com/scanoss/crypto-finder/internal/dependency/pip_resolver.go:277.18,278.27 1 1
github.com/scanoss/crypto-finder/internal/dependency/pip_resolver.go:279.19,280.28 1 1
github.com/scanoss/crypto-finder/internal/dependency/pip_resolver.go:281.19,282.28 1 1
github.com/scanoss/crypto-finder/internal/dependency/pip_resolver.go:287.2,287.24 1 1
github.com/scanoss/crypto-finder/internal/dependency/pip_resolver.go:287.24,289.3 1 1
github.com/scanoss/crypto-finder/internal/dependency/pip_resolver.go:291.2,291.15 1 1
github.com/scanoss/crypto-finder/internal/dependency/pip_resolver.go:306.130,307.25 1 1
github.com/scanoss/crypto-finder/internal/dependency/pip_resolver.go:307.25,309.3 1 1
github.com/scanoss/crypto-finder/internal/dependency/pip_resolver.go:312.2,312.27 1 1
github.com/scanoss/crypto-finder/internal/dependency/pip_resolver.go:312.27,314.42 2 1
github.com/scanoss/crypto-finder/internal/dependency/pip_resolver.go:314.42,316.18 2 1
github.com/scanoss/crypto-finder/internal/dependency/pip_resolver.go:316.18,318.5 1 1
github.com/scanoss/crypto-finder/internal/dependency/pip_resolver.go:320.4,320.62 1 1
github.com/scanoss/crypto-finder/internal/dependency/pip_resolver.go:320.62,322.5 1 1
github.com/scanoss/crypto-finder/internal/dependency/pip_resolver.go:327.2,329.16 3 1
github.com/scanoss/crypto-finder/internal/dependency/pip_resolver.go:329.16,331.3 1 1
github.com/scanoss/crypto-finder/internal/dependency/pip_resolver.go:334.2,335.25 2 1
github.com/scanoss/crypto-finder/internal/dependency/pip_resolver.go:335.25,337.17 2 0
github.com/scanoss/crypto-finder/internal/dependency/pip_resolver.go:337.17,339.4 1 0
github.com/scanoss/crypto-finder/internal/dependency/pip_resolver.go:342.2,342.31 1 1
github.com/scanoss/crypto-finder/internal/dependency/pip_resolver.go:347.92,355.34 5 0
github.com/scanoss/crypto-finder/internal/dependency/pip_resolver.go:355.34,359.3 2 0
github.com/scanoss/crypto-finder/internal/dependency/pip_resolver.go:361.2,361.51 1 0
github.com/scanoss/crypto-finder/internal/dependency/pip_resolver.go:366.66,369.51 2 1
github.com/scanoss/crypto-finder/internal/dependency/pip_resolver.go:369.51,372.3 2 1
github.com/scanoss/crypto-finder/internal/dependency/pip_resolver.go:375.2,376.41 2 1
github.com/scanoss/crypto-finder/internal/dependency/pip_resolver.go:376.41,377.38 1 1
github.com/scanoss/crypto-finder/internal/dependency/pip_resolver.go:377.38,380.4 2 1
github.com/scanoss/crypto-finder/internal/dependency/pip_resolver.go:383.2,383.15 1 1
github.com/scanoss/crypto-finder/internal/dependency/pip_resolver.go:387.70,390.31 3 1
github.com/scanoss/crypto-finder/internal/dependency/pip_resolver.go:390.31,391.50 1 1
github.com/scanoss/crypto-finder/internal/dependency/pip_resolver.go:391.50,394.4 2 1
github.com/scanoss/crypto-finder/internal/dependency/pip_resolver.go:396.2,396.18 1 1
github.com/scanoss/crypto-finder/internal/dependency/pip_resolver.go:405.67,408.37 2 1
github.com/scanoss/crypto-finder/internal/dependency/pip_resolver.go:408.37,412.17 3 1
github.com/scanoss/crypto-finder/internal/dependency/pip_resolver.go:412.17,414.12 2 0
github.com/scanoss/crypto-finder/internal/dependency/pip_resolver.go:417.3,417.44 1 1
github.com/scanoss/crypto-finder/internal/dependency/pip_resolver.go:417.44,425.66 5 1
github.com/scanoss/crypto-finder/internal/dependency/pip_resolver.go:425.66,427.24 2 1
github.com/scanoss/crypto-finder/internal/dependency/pip_resolver.go:427.24,429.26 2 1
github.com/scanoss/crypto-finder/internal/dependency/pip_resolver.go:429.26,431.7 1 1
github.com/scanoss/crypto-finder/internal/dependency/pip_resolver.go:433.5,433.13 1 1
github.com/scanoss/crypto-finder/internal/dependency/pip_resolver.go:437.4,439.28 3 1
github.com/scanoss/crypto-finder/internal/dependency/pip_resolver.go:439.28,441.5 1 1
github.com/scanoss/crypto-finder/internal/dependency/pip_resolver.go:445.2,445.15 1 1
github.com/scanoss/crypto-finder/internal/dependency/pip_resolver.go:456.74,458.16 2 1
github.com/scanoss/crypto-finder/internal/dependency/pip_resolver.go:458.16,460.3 1 1
github.com/scanoss/crypto-finder/internal/dependency/pip_resolver.go:461.2,461.15 1 1
github.com/scanoss/crypto-finder/internal/dependency/pip_resolver.go:461.15,462.45 1 1
github.com/scanoss/crypto-finder/internal/dependency/pip_resolver.go:462.45,464.4 1 0
github.com/scanoss/crypto-finder/internal/dependency/pip_resolver.go:467.2,471.6 4 1
github.com/scanoss/crypto-finder/internal/dependency/pip_resolver.go:471.6,473.20 2 1
github.com/scanoss/crypto-finder/internal/dependency/pip_resolver.go:473.20,474.9 1 1
github.com/scanoss/crypto-finder/internal/dependency/pip_resolver.go:476.3,476.17 1 1
github.com/scanoss/crypto-finder/internal/dependency/pip_resolver.go:476.17,477.12 1 0
github.com/scanoss/crypto-finder/internal/dependency/pip_resolver.go:479.3,479.23 1 1
github.com/scanoss/crypto-finder/internal/dependency/pip_resolver.go:479.23,480.12 1 0
github.com/scanoss/crypto-finder/internal/dependency/pip_resolver.go:483.3,486.86 2 1
github.com/scanoss/crypto-finder/internal/dependency/pip_resolver.go:486.86,487.12 1 1
github.com/scanoss/crypto-finder/internal/dependency/pip_resolver.go:491.3,491.50 1 1
github.com/scanoss/crypto-finder/internal/dependency/pip_resolver.go:491.50,493.23 2 1
github.com/scanoss/crypto-finder/internal/dependency/pip_resolver.go:493.23,495.19 2 1
github.com/scanoss/crypto-finder/internal/dependency/pip_resolver.go:495.19,497.6 1 1
github.com/scanoss/crypto-finder/internal/dependency/pip_resolver.go:498.10,498.30 1 1
github.com/scanoss/crypto-finder/internal/dependency/pip_resolver.go:498.30,500.19 2 1
github.com/scanoss/crypto-finder/internal/dependency/pip_resolver.go:500.19,502.6 1 1
github.com/scanoss/crypto-finder/internal/dependency/pip_resolver.go:504.4,504.12 1 1
github.com/scanoss/crypto-finder/internal/dependency/pip_resolver.go:508.3,508.77 1 1
github.com/scanoss/crypto-finder/internal/dependency/pip_resolver.go:508.77,510.18 2 1
github.com/scanoss/crypto-finder/internal/dependency/pip_resolver.go:510.18,512.5 1 1
github.com/scanoss/crypto-finder/internal/dependency/pip_resolver.go:518.2,518.32 1 1
github.com/scanoss/crypto-finder/internal/dependency/pip_resolver.go:518.32,519.18 1 1
github.com/scanoss/crypto-finder/internal/dependency/pip_resolver.go:519.18,521.4 1 1
github.com/scanoss/crypto-finder/internal/dependency/pip_resolver.go:524.2,525.25 2 1
github.com/scanoss/crypto-finder/internal/dependency/pip_resolver.go:525.25,527.3 1 1
github.com/scanoss/crypto-finder/internal/dependency/pip_resolver.go:528.2,528.14 1 1
github.com/scanoss/crypto-finder/internal/dependency/pip_resolver.go:533.47,537.2 3 1
github.com/scanoss/crypto-finder/internal/dependency/pip_resolver.go:540.30,543.2 2 1
github.com/scanoss/crypto-finder/internal/dependency/pip_resolver.go:546.31,549.2 2 1
github.com/scanoss/crypto-finder/internal/dependency/registry.go:11.30,15.2 1 1
github.com/scanoss/crypto-finder/internal/dependency/registry.go:18.61,20.2 1 1
github.com/scanoss/crypto-finder/internal/dependency/registry.go:23.55,25.9 2 1
github.com/scanoss/crypto-finder/internal/dependency/registry.go:25.9,27.3 1 1
github.com/scanoss/crypto-finder/internal/dependency/registry.go:28.2,28.22 1 1
github.com/scanoss/crypto-finder/internal/dependency/source_cache.go:23.45,25.16 2 1
github.com/scanoss/crypto-finder/internal/dependency/source_cache.go:25.16,27.3 1 0
github.com/scanoss/crypto-finder/internal/dependency/source_cache.go:28.2,29.52 2 1
github.com/scanoss/crypto-finder/internal/dependency/source_cache.go:29.52,31.3 1 0
github.com/scanoss/crypto-finder/internal/dependency/source_cache.go:32.2,32.44 1 1
github.com/scanoss/crypto-finder/internal/dependency/source_cache.go:36.61,38.59 2 1
github.com/scanoss/crypto-finder/internal/dependency/source_cache.go:38.59,40.3 1 1
github.com/scanoss/crypto-finder/internal/dependency/source_cache.go:41.2,41.11 1 1
github.com/scanoss/crypto-finder/internal/dependency/source_cache.go:48.105,52.63 2 1
github.com/scanoss/crypto-finder/internal/dependency/source_cache.go:52.63,54.3 1 1
github.com/scanoss/crypto-finder/internal/dependency/source_cache.go:56.2,56.52 1 1
github.com/scanoss/crypto-finder/internal/dependency/source_cache.go:56.52,58.3 1 0
github.com/scanoss/crypto-finder/internal/dependency/source_cache.go:60.2,61.16 2 1
github.com/scanoss/crypto-finder/internal/dependency/source_cache.go:61.16,63.59 1 1
github.com/scanoss/crypto-finder/internal/dependency/source_cache.go:63.59,66.4 2 0
github.com/scanoss/crypto-finder/internal/dependency/source_cache.go:67.3,67.65 1 1
github.com/scanoss/crypto-finder/internal/dependency/source_cache.go:69.2,69.15 1 1
github.com/scanoss/crypto-finder/internal/dependency/source_cache.go:69.15,70.45 1 1
github.com/scanoss/crypto-finder/internal/dependency/source_cache.go:70.45,72.4 1 0
github.com/scanoss/crypto-finder/internal/dependency/source_cache.go:75.2,75.27 1 1
github.com/scanoss/crypto-finder/internal/dependency/source_cache.go:75.27,77.71 1 1
github.com/scanoss/crypto-finder/internal/dependency/source_cache.go:77.71,78.12 1 1
github.com/scanoss/crypto-finder/internal/dependency/source_cache.go:82.3,85.101 2 1
github.com/scanoss/crypto-finder/internal/dependency/source_cache.go:85.101,86.12 1 1
github.com/scanoss/crypto-finder/internal/dependency/source_cache.go:89.3,89.53 1 1
github.com/scanoss/crypto-finder/internal/dependency/source_cache.go:89.53,91.12 1 0
github.com/scanoss/crypto-finder/internal/dependency/source_cache.go:95.2,95.21 1 1
github.com/scanoss/crypto-finder/internal/dependency/source_cache.go:99.66,100.33 1 1
github.com/scanoss/crypto-finder/internal/dependency/source_cache.go:100.33,101.35 1 1
github.com/scanoss/crypto-finder/internal/dependency/source_cache.go:101.35,103.4 1 1
github.com/scanoss/crypto-finder/internal/dependency/source_cache.go:105.2,105.14 1 1
github.com/scanoss/crypto-finder/internal/dependency/source_cache.go:108.57,109.67 1 1
github.com/scanoss/crypto-finder/internal/dependency/source_cache.go:109.67,111.3 1 0
github.com/scanoss/crypto-finder/internal/dependency/source_cache.go:113.2,114.16 2 1
github.com/scanoss/crypto-finder/internal/dependency/source_cache.go:114.16,116.3 1 0
github.com/scanoss/crypto-finder/internal/dependency/source_cache.go:118.2,119.16 2 1
github.com/scanoss/crypto-finder/internal/dependency/source_cache.go:119.16,120.46 1 0
github.com/scanoss/crypto-finder/internal/dependency/source_cache.go:120.46,122.4 1 0
github.com/scanoss/crypto-finder/internal/dependency/source_cache.go:123.3,123.13 1 0
github.com/scanoss/crypto-finder/internal/dependency/source_cache.go:126.2,130.51 5 1
github.com/scanoss/crypto-finder/internal/dependency/source_cache.go:130.51,132.3 1 0
github.com/scanoss/crypto-finder/internal/dependency/source_cache.go:133.2,133.43 1 1
github.com/scanoss/crypto-finder/internal/dependency/source_cache.go:133.43,135.3 1 0
github.com/scanoss/crypto-finder/internal/dependency/source_cache.go:136.2,136.24 1 1
github.com/scanoss/crypto-finder/internal/dependency/source_cache.go:136.24,138.3 1 0
github.com/scanoss/crypto-finder/internal/dependency/source_cache.go:139.2,139.27 1 1
github.com/scanoss/crypto-finder/internal/dependency/source_cache.go:139.27,141.3 1 0
github.com/scanoss/crypto-finder/internal/dependency/source_cache.go:143.2,143.12 1 1
